{"C:\\Users\\dedreira\\source\\GitHub\\typescript-webapi-inversify\\tests\\domain\\mocks\\repositories\\echo\\echo-repository-mock.ts":{"path":"C:\\Users\\dedreira\\source\\GitHub\\typescript-webapi-inversify\\tests\\domain\\mocks\\repositories\\echo\\echo-repository-mock.ts","statementMap":{"0":{"start":{"line":2,"column":16},"end":{"line":10,"column":1}},"1":{"start":{"line":3,"column":28},"end":{"line":3,"column":110}},"2":{"start":{"line":3,"column":91},"end":{"line":3,"column":106}},"3":{"start":{"line":4,"column":4},"end":{"line":9,"column":7}},"4":{"start":{"line":5,"column":36},"end":{"line":5,"column":97}},"5":{"start":{"line":5,"column":42},"end":{"line":5,"column":70}},"6":{"start":{"line":5,"column":85},"end":{"line":5,"column":95}},"7":{"start":{"line":6,"column":35},"end":{"line":6,"column":100}},"8":{"start":{"line":6,"column":41},"end":{"line":6,"column":73}},"9":{"start":{"line":6,"column":88},"end":{"line":6,"column":98}},"10":{"start":{"line":7,"column":32},"end":{"line":7,"column":116}},"11":{"start":{"line":8,"column":8},"end":{"line":8,"column":78}},"12":{"start":{"line":11,"column":18},"end":{"line":37,"column":1}},"13":{"start":{"line":12,"column":12},"end":{"line":12,"column":104}},"14":{"start":{"line":12,"column":43},"end":{"line":12,"column":68}},"15":{"start":{"line":12,"column":57},"end":{"line":12,"column":68}},"16":{"start":{"line":12,"column":69},"end":{"line":12,"column":81}},"17":{"start":{"line":13,"column":4},"end":{"line":13,"column":157}},"18":{"start":{"line":13,"column":138},"end":{"line":13,"column":150}},"19":{"start":{"line":14,"column":23},"end":{"line":14,"column":68}},"20":{"start":{"line":14,"column":45},"end":{"line":14,"column":65}},"21":{"start":{"line":16,"column":8},"end":{"line":16,"column":70}},"22":{"start":{"line":16,"column":15},"end":{"line":16,"column":70}},"23":{"start":{"line":17,"column":8},"end":{"line":34,"column":66}},"24":{"start":{"line":17,"column":18},"end":{"line":34,"column":66}},"25":{"start":{"line":18,"column":12},"end":{"line":18,"column":169}},"26":{"start":{"line":18,"column":160},"end":{"line":18,"column":169}},"27":{"start":{"line":19,"column":12},"end":{"line":19,"column":52}},"28":{"start":{"line":19,"column":26},"end":{"line":19,"column":52}},"29":{"start":{"line":20,"column":12},"end":{"line":32,"column":13}},"30":{"start":{"line":21,"column":32},"end":{"line":21,"column":39}},"31":{"start":{"line":21,"column":40},"end":{"line":21,"column":46}},"32":{"start":{"line":22,"column":24},"end":{"line":22,"column":34}},"33":{"start":{"line":22,"column":35},"end":{"line":22,"column":72}},"34":{"start":{"line":23,"column":24},"end":{"line":23,"column":34}},"35":{"start":{"line":23,"column":35},"end":{"line":23,"column":45}},"36":{"start":{"line":23,"column":46},"end":{"line":23,"column":55}},"37":{"start":{"line":23,"column":56},"end":{"line":23,"column":65}},"38":{"start":{"line":24,"column":24},"end":{"line":24,"column":41}},"39":{"start":{"line":24,"column":42},"end":{"line":24,"column":55}},"40":{"start":{"line":24,"column":56},"end":{"line":24,"column":65}},"41":{"start":{"line":26,"column":20},"end":{"line":26,"column":128}},"42":{"start":{"line":26,"column":110},"end":{"line":26,"column":116}},"43":{"start":{"line":26,"column":117},"end":{"line":26,"column":126}},"44":{"start":{"line":27,"column":20},"end":{"line":27,"column":106}},"45":{"start":{"line":27,"column":81},"end":{"line":27,"column":97}},"46":{"start":{"line":27,"column":98},"end":{"line":27,"column":104}},"47":{"start":{"line":28,"column":20},"end":{"line":28,"column":89}},"48":{"start":{"line":28,"column":57},"end":{"line":28,"column":72}},"49":{"start":{"line":28,"column":73},"end":{"line":28,"column":80}},"50":{"start":{"line":28,"column":81},"end":{"line":28,"column":87}},"51":{"start":{"line":29,"column":20},"end":{"line":29,"column":87}},"52":{"start":{"line":29,"column":47},"end":{"line":29,"column":62}},"53":{"start":{"line":29,"column":63},"end":{"line":29,"column":78}},"54":{"start":{"line":29,"column":79},"end":{"line":29,"column":85}},"55":{"start":{"line":30,"column":20},"end":{"line":30,"column":42}},"56":{"start":{"line":30,"column":30},"end":{"line":30,"column":42}},"57":{"start":{"line":31,"column":20},"end":{"line":31,"column":33}},"58":{"start":{"line":31,"column":34},"end":{"line":31,"column":43}},"59":{"start":{"line":33,"column":12},"end":{"line":33,"column":39}},"60":{"start":{"line":34,"column":22},"end":{"line":34,"column":34}},"61":{"start":{"line":34,"column":35},"end":{"line":34,"column":41}},"62":{"start":{"line":34,"column":54},"end":{"line":34,"column":64}},"63":{"start":{"line":35,"column":8},"end":{"line":35,"column":35}},"64":{"start":{"line":35,"column":23},"end":{"line":35,"column":35}},"65":{"start":{"line":35,"column":36},"end":{"line":35,"column":89}},"66":{"start":{"line":38,"column":0},"end":{"line":38,"column":62}},"67":{"start":{"line":39,"column":0},"end":{"line":39,"column":28}},"68":{"start":{"line":40,"column":40},"end":{"line":51,"column":3}},"69":{"start":{"line":43,"column":4},"end":{"line":49,"column":6}},"70":{"start":{"line":44,"column":8},"end":{"line":48,"column":11}},"71":{"start":{"line":45,"column":12},"end":{"line":47,"column":15}},"72":{"start":{"line":46,"column":16},"end":{"line":46,"column":57}},"73":{"start":{"line":50,"column":4},"end":{"line":50,"column":30}},"74":{"start":{"line":52,"column":0},"end":{"line":52,"column":48}}},"fnMap":{"0":{"name":"(anonymous_0)","decl":{"start":{"line":2,"column":44},"end":{"line":2,"column":45}},"loc":{"start":{"line":2,"column":89},"end":{"line":10,"column":1}},"line":2},"1":{"name":"adopt","decl":{"start":{"line":3,"column":13},"end":{"line":3,"column":18}},"loc":{"start":{"line":3,"column":26},"end":{"line":3,"column":112}},"line":3},"2":{"name":"(anonymous_2)","decl":{"start":{"line":3,"column":70},"end":{"line":3,"column":71}},"loc":{"start":{"line":3,"column":89},"end":{"line":3,"column":108}},"line":3},"3":{"name":"(anonymous_3)","decl":{"start":{"line":4,"column":36},"end":{"line":4,"column":37}},"loc":{"start":{"line":4,"column":63},"end":{"line":9,"column":5}},"line":4},"4":{"name":"fulfilled","decl":{"start":{"line":5,"column":17},"end":{"line":5,"column":26}},"loc":{"start":{"line":5,"column":34},"end":{"line":5,"column":99}},"line":5},"5":{"name":"rejected","decl":{"start":{"line":6,"column":17},"end":{"line":6,"column":25}},"loc":{"start":{"line":6,"column":33},"end":{"line":6,"column":102}},"line":6},"6":{"name":"step","decl":{"start":{"line":7,"column":17},"end":{"line":7,"column":21}},"loc":{"start":{"line":7,"column":30},"end":{"line":7,"column":118}},"line":7},"7":{"name":"(anonymous_7)","decl":{"start":{"line":11,"column":48},"end":{"line":11,"column":49}},"loc":{"start":{"line":11,"column":73},"end":{"line":37,"column":1}},"line":11},"8":{"name":"(anonymous_8)","decl":{"start":{"line":12,"column":30},"end":{"line":12,"column":31}},"loc":{"start":{"line":12,"column":41},"end":{"line":12,"column":83}},"line":12},"9":{"name":"(anonymous_9)","decl":{"start":{"line":13,"column":125},"end":{"line":13,"column":126}},"loc":{"start":{"line":13,"column":136},"end":{"line":13,"column":152}},"line":13},"10":{"name":"verb","decl":{"start":{"line":14,"column":13},"end":{"line":14,"column":17}},"loc":{"start":{"line":14,"column":21},"end":{"line":14,"column":70}},"line":14},"11":{"name":"(anonymous_11)","decl":{"start":{"line":14,"column":30},"end":{"line":14,"column":31}},"loc":{"start":{"line":14,"column":43},"end":{"line":14,"column":67}},"line":14},"12":{"name":"step","decl":{"start":{"line":15,"column":13},"end":{"line":15,"column":17}},"loc":{"start":{"line":15,"column":22},"end":{"line":36,"column":5}},"line":15},"13":{"name":"(anonymous_13)","decl":{"start":{"line":40,"column":40},"end":{"line":40,"column":41}},"loc":{"start":{"line":40,"column":52},"end":{"line":51,"column":1}},"line":40},"14":{"name":"EchoRepositoryMock","decl":{"start":{"line":41,"column":13},"end":{"line":41,"column":31}},"loc":{"start":{"line":41,"column":34},"end":{"line":42,"column":5}},"line":41},"15":{"name":"(anonymous_15)","decl":{"start":{"line":43,"column":39},"end":{"line":43,"column":40}},"loc":{"start":{"line":43,"column":58},"end":{"line":49,"column":5}},"line":43},"16":{"name":"(anonymous_16)","decl":{"start":{"line":44,"column":47},"end":{"line":44,"column":48}},"loc":{"start":{"line":44,"column":59},"end":{"line":48,"column":9}},"line":44},"17":{"name":"(anonymous_17)","decl":{"start":{"line":45,"column":37},"end":{"line":45,"column":38}},"loc":{"start":{"line":45,"column":51},"end":{"line":47,"column":13}},"line":45}},"branchMap":{"0":{"loc":{"start":{"line":2,"column":16},"end":{"line":10,"column":1}},"type":"binary-expr","locations":[{"start":{"line":2,"column":17},"end":{"line":2,"column":21}},{"start":{"line":2,"column":25},"end":{"line":2,"column":39}},{"start":{"line":2,"column":44},"end":{"line":10,"column":1}}],"line":2},"1":{"loc":{"start":{"line":3,"column":35},"end":{"line":3,"column":109}},"type":"cond-expr","locations":[{"start":{"line":3,"column":56},"end":{"line":3,"column":61}},{"start":{"line":3,"column":64},"end":{"line":3,"column":109}}],"line":3},"2":{"loc":{"start":{"line":4,"column":16},"end":{"line":4,"column":34}},"type":"binary-expr","locations":[{"start":{"line":4,"column":16},"end":{"line":4,"column":17}},{"start":{"line":4,"column":22},"end":{"line":4,"column":33}}],"line":4},"3":{"loc":{"start":{"line":7,"column":32},"end":{"line":7,"column":115}},"type":"cond-expr","locations":[{"start":{"line":7,"column":46},"end":{"line":7,"column":67}},{"start":{"line":7,"column":70},"end":{"line":7,"column":115}}],"line":7},"4":{"loc":{"start":{"line":8,"column":51},"end":{"line":8,"column":67}},"type":"binary-expr","locations":[{"start":{"line":8,"column":51},"end":{"line":8,"column":61}},{"start":{"line":8,"column":65},"end":{"line":8,"column":67}}],"line":8},"5":{"loc":{"start":{"line":11,"column":18},"end":{"line":37,"column":1}},"type":"binary-expr","locations":[{"start":{"line":11,"column":19},"end":{"line":11,"column":23}},{"start":{"line":11,"column":27},"end":{"line":11,"column":43}},{"start":{"line":11,"column":48},"end":{"line":37,"column":1}}],"line":11},"6":{"loc":{"start":{"line":12,"column":43},"end":{"line":12,"column":68}},"type":"if","locations":[{"start":{"line":12,"column":43},"end":{"line":12,"column":68}},{"start":{"line":12,"column":43},"end":{"line":12,"column":68}}],"line":12},"7":{"loc":{"start":{"line":13,"column":71},"end":{"line":13,"column":153}},"type":"binary-expr","locations":[{"start":{"line":13,"column":71},"end":{"line":13,"column":99}},{"start":{"line":13,"column":104},"end":{"line":13,"column":152}}],"line":13},"8":{"loc":{"start":{"line":16,"column":8},"end":{"line":16,"column":70}},"type":"if","locations":[{"start":{"line":16,"column":8},"end":{"line":16,"column":70}},{"start":{"line":16,"column":8},"end":{"line":16,"column":70}}],"line":16},"9":{"loc":{"start":{"line":18,"column":12},"end":{"line":18,"column":169}},"type":"if","locations":[{"start":{"line":18,"column":12},"end":{"line":18,"column":169}},{"start":{"line":18,"column":12},"end":{"line":18,"column":169}}],"line":18},"10":{"loc":{"start":{"line":18,"column":23},"end":{"line":18,"column":158}},"type":"binary-expr","locations":[{"start":{"line":18,"column":23},"end":{"line":18,"column":24}},{"start":{"line":18,"column":29},"end":{"line":18,"column":125}},{"start":{"line":18,"column":130},"end":{"line":18,"column":158}}],"line":18},"11":{"loc":{"start":{"line":18,"column":33},"end":{"line":18,"column":125}},"type":"cond-expr","locations":[{"start":{"line":18,"column":45},"end":{"line":18,"column":56}},{"start":{"line":18,"column":59},"end":{"line":18,"column":125}}],"line":18},"12":{"loc":{"start":{"line":18,"column":59},"end":{"line":18,"column":125}},"type":"cond-expr","locations":[{"start":{"line":18,"column":67},"end":{"line":18,"column":116}},{"start":{"line":18,"column":119},"end":{"line":18,"column":125}}],"line":18},"13":{"loc":{"start":{"line":18,"column":67},"end":{"line":18,"column":116}},"type":"binary-expr","locations":[{"start":{"line":18,"column":67},"end":{"line":18,"column":77}},{"start":{"line":18,"column":82},"end":{"line":18,"column":115}}],"line":18},"14":{"loc":{"start":{"line":18,"column":82},"end":{"line":18,"column":112}},"type":"binary-expr","locations":[{"start":{"line":18,"column":83},"end":{"line":18,"column":98}},{"start":{"line":18,"column":103},"end":{"line":18,"column":112}}],"line":18},"15":{"loc":{"start":{"line":19,"column":12},"end":{"line":19,"column":52}},"type":"if","locations":[{"start":{"line":19,"column":12},"end":{"line":19,"column":52}},{"start":{"line":19,"column":12},"end":{"line":19,"column":52}}],"line":19},"16":{"loc":{"start":{"line":20,"column":12},"end":{"line":32,"column":13}},"type":"switch","locations":[{"start":{"line":21,"column":16},"end":{"line":21,"column":23}},{"start":{"line":21,"column":24},"end":{"line":21,"column":46}},{"start":{"line":22,"column":16},"end":{"line":22,"column":72}},{"start":{"line":23,"column":16},"end":{"line":23,"column":65}},{"start":{"line":24,"column":16},"end":{"line":24,"column":65}},{"start":{"line":25,"column":16},"end":{"line":31,"column":43}}],"line":20},"17":{"loc":{"start":{"line":26,"column":20},"end":{"line":26,"column":128}},"type":"if","locations":[{"start":{"line":26,"column":20},"end":{"line":26,"column":128}},{"start":{"line":26,"column":20},"end":{"line":26,"column":128}}],"line":26},"18":{"loc":{"start":{"line":26,"column":24},"end":{"line":26,"column":106}},"type":"binary-expr","locations":[{"start":{"line":26,"column":24},"end":{"line":26,"column":74}},{"start":{"line":26,"column":79},"end":{"line":26,"column":90}},{"start":{"line":26,"column":94},"end":{"line":26,"column":105}}],"line":26},"19":{"loc":{"start":{"line":26,"column":42},"end":{"line":26,"column":73}},"type":"binary-expr","locations":[{"start":{"line":26,"column":42},"end":{"line":26,"column":54}},{"start":{"line":26,"column":58},"end":{"line":26,"column":73}}],"line":26},"20":{"loc":{"start":{"line":27,"column":20},"end":{"line":27,"column":106}},"type":"if","locations":[{"start":{"line":27,"column":20},"end":{"line":27,"column":106}},{"start":{"line":27,"column":20},"end":{"line":27,"column":106}}],"line":27},"21":{"loc":{"start":{"line":27,"column":24},"end":{"line":27,"column":77}},"type":"binary-expr","locations":[{"start":{"line":27,"column":24},"end":{"line":27,"column":35}},{"start":{"line":27,"column":40},"end":{"line":27,"column":42}},{"start":{"line":27,"column":47},"end":{"line":27,"column":59}},{"start":{"line":27,"column":63},"end":{"line":27,"column":75}}],"line":27},"22":{"loc":{"start":{"line":28,"column":20},"end":{"line":28,"column":89}},"type":"if","locations":[{"start":{"line":28,"column":20},"end":{"line":28,"column":89}},{"start":{"line":28,"column":20},"end":{"line":28,"column":89}}],"line":28},"23":{"loc":{"start":{"line":28,"column":24},"end":{"line":28,"column":53}},"type":"binary-expr","locations":[{"start":{"line":28,"column":24},"end":{"line":28,"column":35}},{"start":{"line":28,"column":39},"end":{"line":28,"column":53}}],"line":28},"24":{"loc":{"start":{"line":29,"column":20},"end":{"line":29,"column":87}},"type":"if","locations":[{"start":{"line":29,"column":20},"end":{"line":29,"column":87}},{"start":{"line":29,"column":20},"end":{"line":29,"column":87}}],"line":29},"25":{"loc":{"start":{"line":29,"column":24},"end":{"line":29,"column":43}},"type":"binary-expr","locations":[{"start":{"line":29,"column":24},"end":{"line":29,"column":25}},{"start":{"line":29,"column":29},"end":{"line":29,"column":43}}],"line":29},"26":{"loc":{"start":{"line":30,"column":20},"end":{"line":30,"column":42}},"type":"if","locations":[{"start":{"line":30,"column":20},"end":{"line":30,"column":42}},{"start":{"line":30,"column":20},"end":{"line":30,"column":42}}],"line":30},"27":{"loc":{"start":{"line":35,"column":8},"end":{"line":35,"column":35}},"type":"if","locations":[{"start":{"line":35,"column":8},"end":{"line":35,"column":35}},{"start":{"line":35,"column":8},"end":{"line":35,"column":35}}],"line":35},"28":{"loc":{"start":{"line":35,"column":52},"end":{"line":35,"column":74}},"type":"cond-expr","locations":[{"start":{"line":35,"column":60},"end":{"line":35,"column":65}},{"start":{"line":35,"column":68},"end":{"line":35,"column":74}}],"line":35}},"s":{"0":1,"1":0,"2":0,"3":1,"4":0,"5":0,"6":0,"7":0,"8":0,"9":0,"10":1,"11":1,"12":1,"13":1,"14":0,"15":0,"16":0,"17":1,"18":0,"19":3,"20":1,"21":1,"22":0,"23":1,"24":2,"25":2,"26":0,"27":2,"28":0,"29":2,"30":1,"31":1,"32":0,"33":0,"34":0,"35":0,"36":0,"37":0,"38":0,"39":0,"40":0,"41":1,"42":1,"43":1,"44":0,"45":0,"46":0,"47":0,"48":0,"49":0,"50":0,"51":0,"52":0,"53":0,"54":0,"55":0,"56":0,"57":0,"58":0,"59":1,"60":0,"61":0,"62":2,"63":1,"64":0,"65":1,"66":1,"67":1,"68":1,"69":1,"70":1,"71":1,"72":1,"73":1,"74":1},"f":{"0":1,"1":0,"2":0,"3":1,"4":0,"5":0,"6":1,"7":1,"8":0,"9":0,"10":3,"11":1,"12":1,"13":1,"14":1,"15":1,"16":1,"17":1},"b":{"0":[1,1,1],"1":[0,0],"2":[1,1],"3":[1,0],"4":[1,1],"5":[1,1,1],"6":[0,0],"7":[1,1],"8":[0,1],"9":[0,2],"10":[2,0,0],"11":[0,0],"12":[0,0],"13":[0,0],"14":[0,0],"15":[0,2],"16":[1,1,0,0,0,1],"17":[1,0],"18":[1,1,1],"19":[1,0],"20":[0,0],"21":[0,0,0,0],"22":[0,0],"23":[0,0],"24":[0,0],"25":[0,0],"26":[0,0],"27":[0,1],"28":[1,0]},"_coverageSchema":"43e27e138ebf9cfc5966b082cf9a028302ed4184","hash":"521cef47651772a87541425e63bf5e91d55d48d7","contentHash":"3f0adb9098f81116894720284ec158ba2866d7b6812ae4901a285c63dd75b423"},"C:\\Users\\dedreira\\source\\GitHub\\typescript-webapi-inversify\\tests\\domain\\mocks\\services\\echo\\echo-service-mock.ts":{"path":"C:\\Users\\dedreira\\source\\GitHub\\typescript-webapi-inversify\\tests\\domain\\mocks\\services\\echo\\echo-service-mock.ts","statementMap":{"0":{"start":{"line":2,"column":16},"end":{"line":10,"column":1}},"1":{"start":{"line":3,"column":28},"end":{"line":3,"column":110}},"2":{"start":{"line":3,"column":91},"end":{"line":3,"column":106}},"3":{"start":{"line":4,"column":4},"end":{"line":9,"column":7}},"4":{"start":{"line":5,"column":36},"end":{"line":5,"column":97}},"5":{"start":{"line":5,"column":42},"end":{"line":5,"column":70}},"6":{"start":{"line":5,"column":85},"end":{"line":5,"column":95}},"7":{"start":{"line":6,"column":35},"end":{"line":6,"column":100}},"8":{"start":{"line":6,"column":41},"end":{"line":6,"column":73}},"9":{"start":{"line":6,"column":88},"end":{"line":6,"column":98}},"10":{"start":{"line":7,"column":32},"end":{"line":7,"column":116}},"11":{"start":{"line":8,"column":8},"end":{"line":8,"column":78}},"12":{"start":{"line":11,"column":18},"end":{"line":37,"column":1}},"13":{"start":{"line":12,"column":12},"end":{"line":12,"column":104}},"14":{"start":{"line":12,"column":43},"end":{"line":12,"column":68}},"15":{"start":{"line":12,"column":57},"end":{"line":12,"column":68}},"16":{"start":{"line":12,"column":69},"end":{"line":12,"column":81}},"17":{"start":{"line":13,"column":4},"end":{"line":13,"column":157}},"18":{"start":{"line":13,"column":138},"end":{"line":13,"column":150}},"19":{"start":{"line":14,"column":23},"end":{"line":14,"column":68}},"20":{"start":{"line":14,"column":45},"end":{"line":14,"column":65}},"21":{"start":{"line":16,"column":8},"end":{"line":16,"column":70}},"22":{"start":{"line":16,"column":15},"end":{"line":16,"column":70}},"23":{"start":{"line":17,"column":8},"end":{"line":34,"column":66}},"24":{"start":{"line":17,"column":18},"end":{"line":34,"column":66}},"25":{"start":{"line":18,"column":12},"end":{"line":18,"column":169}},"26":{"start":{"line":18,"column":160},"end":{"line":18,"column":169}},"27":{"start":{"line":19,"column":12},"end":{"line":19,"column":52}},"28":{"start":{"line":19,"column":26},"end":{"line":19,"column":52}},"29":{"start":{"line":20,"column":12},"end":{"line":32,"column":13}},"30":{"start":{"line":21,"column":32},"end":{"line":21,"column":39}},"31":{"start":{"line":21,"column":40},"end":{"line":21,"column":46}},"32":{"start":{"line":22,"column":24},"end":{"line":22,"column":34}},"33":{"start":{"line":22,"column":35},"end":{"line":22,"column":72}},"34":{"start":{"line":23,"column":24},"end":{"line":23,"column":34}},"35":{"start":{"line":23,"column":35},"end":{"line":23,"column":45}},"36":{"start":{"line":23,"column":46},"end":{"line":23,"column":55}},"37":{"start":{"line":23,"column":56},"end":{"line":23,"column":65}},"38":{"start":{"line":24,"column":24},"end":{"line":24,"column":41}},"39":{"start":{"line":24,"column":42},"end":{"line":24,"column":55}},"40":{"start":{"line":24,"column":56},"end":{"line":24,"column":65}},"41":{"start":{"line":26,"column":20},"end":{"line":26,"column":128}},"42":{"start":{"line":26,"column":110},"end":{"line":26,"column":116}},"43":{"start":{"line":26,"column":117},"end":{"line":26,"column":126}},"44":{"start":{"line":27,"column":20},"end":{"line":27,"column":106}},"45":{"start":{"line":27,"column":81},"end":{"line":27,"column":97}},"46":{"start":{"line":27,"column":98},"end":{"line":27,"column":104}},"47":{"start":{"line":28,"column":20},"end":{"line":28,"column":89}},"48":{"start":{"line":28,"column":57},"end":{"line":28,"column":72}},"49":{"start":{"line":28,"column":73},"end":{"line":28,"column":80}},"50":{"start":{"line":28,"column":81},"end":{"line":28,"column":87}},"51":{"start":{"line":29,"column":20},"end":{"line":29,"column":87}},"52":{"start":{"line":29,"column":47},"end":{"line":29,"column":62}},"53":{"start":{"line":29,"column":63},"end":{"line":29,"column":78}},"54":{"start":{"line":29,"column":79},"end":{"line":29,"column":85}},"55":{"start":{"line":30,"column":20},"end":{"line":30,"column":42}},"56":{"start":{"line":30,"column":30},"end":{"line":30,"column":42}},"57":{"start":{"line":31,"column":20},"end":{"line":31,"column":33}},"58":{"start":{"line":31,"column":34},"end":{"line":31,"column":43}},"59":{"start":{"line":33,"column":12},"end":{"line":33,"column":39}},"60":{"start":{"line":34,"column":22},"end":{"line":34,"column":34}},"61":{"start":{"line":34,"column":35},"end":{"line":34,"column":41}},"62":{"start":{"line":34,"column":54},"end":{"line":34,"column":64}},"63":{"start":{"line":35,"column":8},"end":{"line":35,"column":35}},"64":{"start":{"line":35,"column":23},"end":{"line":35,"column":35}},"65":{"start":{"line":35,"column":36},"end":{"line":35,"column":89}},"66":{"start":{"line":38,"column":0},"end":{"line":38,"column":62}},"67":{"start":{"line":39,"column":0},"end":{"line":39,"column":28}},"68":{"start":{"line":40,"column":37},"end":{"line":51,"column":3}},"69":{"start":{"line":43,"column":4},"end":{"line":49,"column":6}},"70":{"start":{"line":44,"column":8},"end":{"line":48,"column":11}},"71":{"start":{"line":45,"column":12},"end":{"line":47,"column":15}},"72":{"start":{"line":46,"column":16},"end":{"line":46,"column":46}},"73":{"start":{"line":50,"column":4},"end":{"line":50,"column":27}},"74":{"start":{"line":52,"column":0},"end":{"line":52,"column":42}}},"fnMap":{"0":{"name":"(anonymous_0)","decl":{"start":{"line":2,"column":44},"end":{"line":2,"column":45}},"loc":{"start":{"line":2,"column":89},"end":{"line":10,"column":1}},"line":2},"1":{"name":"adopt","decl":{"start":{"line":3,"column":13},"end":{"line":3,"column":18}},"loc":{"start":{"line":3,"column":26},"end":{"line":3,"column":112}},"line":3},"2":{"name":"(anonymous_2)","decl":{"start":{"line":3,"column":70},"end":{"line":3,"column":71}},"loc":{"start":{"line":3,"column":89},"end":{"line":3,"column":108}},"line":3},"3":{"name":"(anonymous_3)","decl":{"start":{"line":4,"column":36},"end":{"line":4,"column":37}},"loc":{"start":{"line":4,"column":63},"end":{"line":9,"column":5}},"line":4},"4":{"name":"fulfilled","decl":{"start":{"line":5,"column":17},"end":{"line":5,"column":26}},"loc":{"start":{"line":5,"column":34},"end":{"line":5,"column":99}},"line":5},"5":{"name":"rejected","decl":{"start":{"line":6,"column":17},"end":{"line":6,"column":25}},"loc":{"start":{"line":6,"column":33},"end":{"line":6,"column":102}},"line":6},"6":{"name":"step","decl":{"start":{"line":7,"column":17},"end":{"line":7,"column":21}},"loc":{"start":{"line":7,"column":30},"end":{"line":7,"column":118}},"line":7},"7":{"name":"(anonymous_7)","decl":{"start":{"line":11,"column":48},"end":{"line":11,"column":49}},"loc":{"start":{"line":11,"column":73},"end":{"line":37,"column":1}},"line":11},"8":{"name":"(anonymous_8)","decl":{"start":{"line":12,"column":30},"end":{"line":12,"column":31}},"loc":{"start":{"line":12,"column":41},"end":{"line":12,"column":83}},"line":12},"9":{"name":"(anonymous_9)","decl":{"start":{"line":13,"column":125},"end":{"line":13,"column":126}},"loc":{"start":{"line":13,"column":136},"end":{"line":13,"column":152}},"line":13},"10":{"name":"verb","decl":{"start":{"line":14,"column":13},"end":{"line":14,"column":17}},"loc":{"start":{"line":14,"column":21},"end":{"line":14,"column":70}},"line":14},"11":{"name":"(anonymous_11)","decl":{"start":{"line":14,"column":30},"end":{"line":14,"column":31}},"loc":{"start":{"line":14,"column":43},"end":{"line":14,"column":67}},"line":14},"12":{"name":"step","decl":{"start":{"line":15,"column":13},"end":{"line":15,"column":17}},"loc":{"start":{"line":15,"column":22},"end":{"line":36,"column":5}},"line":15},"13":{"name":"(anonymous_13)","decl":{"start":{"line":40,"column":37},"end":{"line":40,"column":38}},"loc":{"start":{"line":40,"column":49},"end":{"line":51,"column":1}},"line":40},"14":{"name":"EchoServiceMock","decl":{"start":{"line":41,"column":13},"end":{"line":41,"column":28}},"loc":{"start":{"line":41,"column":31},"end":{"line":42,"column":5}},"line":41},"15":{"name":"(anonymous_15)","decl":{"start":{"line":43,"column":36},"end":{"line":43,"column":37}},"loc":{"start":{"line":43,"column":55},"end":{"line":49,"column":5}},"line":43},"16":{"name":"(anonymous_16)","decl":{"start":{"line":44,"column":47},"end":{"line":44,"column":48}},"loc":{"start":{"line":44,"column":59},"end":{"line":48,"column":9}},"line":44},"17":{"name":"(anonymous_17)","decl":{"start":{"line":45,"column":37},"end":{"line":45,"column":38}},"loc":{"start":{"line":45,"column":51},"end":{"line":47,"column":13}},"line":45}},"branchMap":{"0":{"loc":{"start":{"line":2,"column":16},"end":{"line":10,"column":1}},"type":"binary-expr","locations":[{"start":{"line":2,"column":17},"end":{"line":2,"column":21}},{"start":{"line":2,"column":25},"end":{"line":2,"column":39}},{"start":{"line":2,"column":44},"end":{"line":10,"column":1}}],"line":2},"1":{"loc":{"start":{"line":3,"column":35},"end":{"line":3,"column":109}},"type":"cond-expr","locations":[{"start":{"line":3,"column":56},"end":{"line":3,"column":61}},{"start":{"line":3,"column":64},"end":{"line":3,"column":109}}],"line":3},"2":{"loc":{"start":{"line":4,"column":16},"end":{"line":4,"column":34}},"type":"binary-expr","locations":[{"start":{"line":4,"column":16},"end":{"line":4,"column":17}},{"start":{"line":4,"column":22},"end":{"line":4,"column":33}}],"line":4},"3":{"loc":{"start":{"line":7,"column":32},"end":{"line":7,"column":115}},"type":"cond-expr","locations":[{"start":{"line":7,"column":46},"end":{"line":7,"column":67}},{"start":{"line":7,"column":70},"end":{"line":7,"column":115}}],"line":7},"4":{"loc":{"start":{"line":8,"column":51},"end":{"line":8,"column":67}},"type":"binary-expr","locations":[{"start":{"line":8,"column":51},"end":{"line":8,"column":61}},{"start":{"line":8,"column":65},"end":{"line":8,"column":67}}],"line":8},"5":{"loc":{"start":{"line":11,"column":18},"end":{"line":37,"column":1}},"type":"binary-expr","locations":[{"start":{"line":11,"column":19},"end":{"line":11,"column":23}},{"start":{"line":11,"column":27},"end":{"line":11,"column":43}},{"start":{"line":11,"column":48},"end":{"line":37,"column":1}}],"line":11},"6":{"loc":{"start":{"line":12,"column":43},"end":{"line":12,"column":68}},"type":"if","locations":[{"start":{"line":12,"column":43},"end":{"line":12,"column":68}},{"start":{"line":12,"column":43},"end":{"line":12,"column":68}}],"line":12},"7":{"loc":{"start":{"line":13,"column":71},"end":{"line":13,"column":153}},"type":"binary-expr","locations":[{"start":{"line":13,"column":71},"end":{"line":13,"column":99}},{"start":{"line":13,"column":104},"end":{"line":13,"column":152}}],"line":13},"8":{"loc":{"start":{"line":16,"column":8},"end":{"line":16,"column":70}},"type":"if","locations":[{"start":{"line":16,"column":8},"end":{"line":16,"column":70}},{"start":{"line":16,"column":8},"end":{"line":16,"column":70}}],"line":16},"9":{"loc":{"start":{"line":18,"column":12},"end":{"line":18,"column":169}},"type":"if","locations":[{"start":{"line":18,"column":12},"end":{"line":18,"column":169}},{"start":{"line":18,"column":12},"end":{"line":18,"column":169}}],"line":18},"10":{"loc":{"start":{"line":18,"column":23},"end":{"line":18,"column":158}},"type":"binary-expr","locations":[{"start":{"line":18,"column":23},"end":{"line":18,"column":24}},{"start":{"line":18,"column":29},"end":{"line":18,"column":125}},{"start":{"line":18,"column":130},"end":{"line":18,"column":158}}],"line":18},"11":{"loc":{"start":{"line":18,"column":33},"end":{"line":18,"column":125}},"type":"cond-expr","locations":[{"start":{"line":18,"column":45},"end":{"line":18,"column":56}},{"start":{"line":18,"column":59},"end":{"line":18,"column":125}}],"line":18},"12":{"loc":{"start":{"line":18,"column":59},"end":{"line":18,"column":125}},"type":"cond-expr","locations":[{"start":{"line":18,"column":67},"end":{"line":18,"column":116}},{"start":{"line":18,"column":119},"end":{"line":18,"column":125}}],"line":18},"13":{"loc":{"start":{"line":18,"column":67},"end":{"line":18,"column":116}},"type":"binary-expr","locations":[{"start":{"line":18,"column":67},"end":{"line":18,"column":77}},{"start":{"line":18,"column":82},"end":{"line":18,"column":115}}],"line":18},"14":{"loc":{"start":{"line":18,"column":82},"end":{"line":18,"column":112}},"type":"binary-expr","locations":[{"start":{"line":18,"column":83},"end":{"line":18,"column":98}},{"start":{"line":18,"column":103},"end":{"line":18,"column":112}}],"line":18},"15":{"loc":{"start":{"line":19,"column":12},"end":{"line":19,"column":52}},"type":"if","locations":[{"start":{"line":19,"column":12},"end":{"line":19,"column":52}},{"start":{"line":19,"column":12},"end":{"line":19,"column":52}}],"line":19},"16":{"loc":{"start":{"line":20,"column":12},"end":{"line":32,"column":13}},"type":"switch","locations":[{"start":{"line":21,"column":16},"end":{"line":21,"column":23}},{"start":{"line":21,"column":24},"end":{"line":21,"column":46}},{"start":{"line":22,"column":16},"end":{"line":22,"column":72}},{"start":{"line":23,"column":16},"end":{"line":23,"column":65}},{"start":{"line":24,"column":16},"end":{"line":24,"column":65}},{"start":{"line":25,"column":16},"end":{"line":31,"column":43}}],"line":20},"17":{"loc":{"start":{"line":26,"column":20},"end":{"line":26,"column":128}},"type":"if","locations":[{"start":{"line":26,"column":20},"end":{"line":26,"column":128}},{"start":{"line":26,"column":20},"end":{"line":26,"column":128}}],"line":26},"18":{"loc":{"start":{"line":26,"column":24},"end":{"line":26,"column":106}},"type":"binary-expr","locations":[{"start":{"line":26,"column":24},"end":{"line":26,"column":74}},{"start":{"line":26,"column":79},"end":{"line":26,"column":90}},{"start":{"line":26,"column":94},"end":{"line":26,"column":105}}],"line":26},"19":{"loc":{"start":{"line":26,"column":42},"end":{"line":26,"column":73}},"type":"binary-expr","locations":[{"start":{"line":26,"column":42},"end":{"line":26,"column":54}},{"start":{"line":26,"column":58},"end":{"line":26,"column":73}}],"line":26},"20":{"loc":{"start":{"line":27,"column":20},"end":{"line":27,"column":106}},"type":"if","locations":[{"start":{"line":27,"column":20},"end":{"line":27,"column":106}},{"start":{"line":27,"column":20},"end":{"line":27,"column":106}}],"line":27},"21":{"loc":{"start":{"line":27,"column":24},"end":{"line":27,"column":77}},"type":"binary-expr","locations":[{"start":{"line":27,"column":24},"end":{"line":27,"column":35}},{"start":{"line":27,"column":40},"end":{"line":27,"column":42}},{"start":{"line":27,"column":47},"end":{"line":27,"column":59}},{"start":{"line":27,"column":63},"end":{"line":27,"column":75}}],"line":27},"22":{"loc":{"start":{"line":28,"column":20},"end":{"line":28,"column":89}},"type":"if","locations":[{"start":{"line":28,"column":20},"end":{"line":28,"column":89}},{"start":{"line":28,"column":20},"end":{"line":28,"column":89}}],"line":28},"23":{"loc":{"start":{"line":28,"column":24},"end":{"line":28,"column":53}},"type":"binary-expr","locations":[{"start":{"line":28,"column":24},"end":{"line":28,"column":35}},{"start":{"line":28,"column":39},"end":{"line":28,"column":53}}],"line":28},"24":{"loc":{"start":{"line":29,"column":20},"end":{"line":29,"column":87}},"type":"if","locations":[{"start":{"line":29,"column":20},"end":{"line":29,"column":87}},{"start":{"line":29,"column":20},"end":{"line":29,"column":87}}],"line":29},"25":{"loc":{"start":{"line":29,"column":24},"end":{"line":29,"column":43}},"type":"binary-expr","locations":[{"start":{"line":29,"column":24},"end":{"line":29,"column":25}},{"start":{"line":29,"column":29},"end":{"line":29,"column":43}}],"line":29},"26":{"loc":{"start":{"line":30,"column":20},"end":{"line":30,"column":42}},"type":"if","locations":[{"start":{"line":30,"column":20},"end":{"line":30,"column":42}},{"start":{"line":30,"column":20},"end":{"line":30,"column":42}}],"line":30},"27":{"loc":{"start":{"line":35,"column":8},"end":{"line":35,"column":35}},"type":"if","locations":[{"start":{"line":35,"column":8},"end":{"line":35,"column":35}},{"start":{"line":35,"column":8},"end":{"line":35,"column":35}}],"line":35},"28":{"loc":{"start":{"line":35,"column":52},"end":{"line":35,"column":74}},"type":"cond-expr","locations":[{"start":{"line":35,"column":60},"end":{"line":35,"column":65}},{"start":{"line":35,"column":68},"end":{"line":35,"column":74}}],"line":35}},"s":{"0":1,"1":0,"2":0,"3":0,"4":0,"5":0,"6":0,"7":0,"8":0,"9":0,"10":0,"11":0,"12":1,"13":0,"14":0,"15":0,"16":0,"17":0,"18":0,"19":0,"20":0,"21":0,"22":0,"23":0,"24":0,"25":0,"26":0,"27":0,"28":0,"29":0,"30":0,"31":0,"32":0,"33":0,"34":0,"35":0,"36":0,"37":0,"38":0,"39":0,"40":0,"41":0,"42":0,"43":0,"44":0,"45":0,"46":0,"47":0,"48":0,"49":0,"50":0,"51":0,"52":0,"53":0,"54":0,"55":0,"56":0,"57":0,"58":0,"59":0,"60":0,"61":0,"62":0,"63":0,"64":0,"65":0,"66":1,"67":1,"68":1,"69":1,"70":0,"71":0,"72":0,"73":1,"74":1},"f":{"0":0,"1":0,"2":0,"3":0,"4":0,"5":0,"6":0,"7":0,"8":0,"9":0,"10":0,"11":0,"12":0,"13":1,"14":0,"15":0,"16":0,"17":0},"b":{"0":[1,1,1],"1":[0,0],"2":[0,0],"3":[0,0],"4":[0,0],"5":[1,1,1],"6":[0,0],"7":[0,0],"8":[0,0],"9":[0,0],"10":[0,0,0],"11":[0,0],"12":[0,0],"13":[0,0],"14":[0,0],"15":[0,0],"16":[0,0,0,0,0,0],"17":[0,0],"18":[0,0,0],"19":[0,0],"20":[0,0],"21":[0,0,0,0],"22":[0,0],"23":[0,0],"24":[0,0],"25":[0,0],"26":[0,0],"27":[0,0],"28":[0,0]},"_coverageSchema":"43e27e138ebf9cfc5966b082cf9a028302ed4184","hash":"df3f27ec96f94da4f56010ec78e78a90ea6094c0","contentHash":"3ea6e30681acb4a87f709da4c290162d83d2ff58cc3af31a185484b38addf176"},"C:\\Users\\dedreira\\source\\GitHub\\typescript-webapi-inversify\\tests\\domain\\repositories\\echo\\echo-repository.spec.ts":{"path":"C:\\Users\\dedreira\\source\\GitHub\\typescript-webapi-inversify\\tests\\domain\\repositories\\echo\\echo-repository.spec.ts","statementMap":{"0":{"start":{"line":2,"column":16},"end":{"line":10,"column":1}},"1":{"start":{"line":3,"column":28},"end":{"line":3,"column":110}},"2":{"start":{"line":3,"column":91},"end":{"line":3,"column":106}},"3":{"start":{"line":4,"column":4},"end":{"line":9,"column":7}},"4":{"start":{"line":5,"column":36},"end":{"line":5,"column":97}},"5":{"start":{"line":5,"column":42},"end":{"line":5,"column":70}},"6":{"start":{"line":5,"column":85},"end":{"line":5,"column":95}},"7":{"start":{"line":6,"column":35},"end":{"line":6,"column":100}},"8":{"start":{"line":6,"column":41},"end":{"line":6,"column":73}},"9":{"start":{"line":6,"column":88},"end":{"line":6,"column":98}},"10":{"start":{"line":7,"column":32},"end":{"line":7,"column":116}},"11":{"start":{"line":8,"column":8},"end":{"line":8,"column":78}},"12":{"start":{"line":11,"column":18},"end":{"line":37,"column":1}},"13":{"start":{"line":12,"column":12},"end":{"line":12,"column":104}},"14":{"start":{"line":12,"column":43},"end":{"line":12,"column":68}},"15":{"start":{"line":12,"column":57},"end":{"line":12,"column":68}},"16":{"start":{"line":12,"column":69},"end":{"line":12,"column":81}},"17":{"start":{"line":13,"column":4},"end":{"line":13,"column":157}},"18":{"start":{"line":13,"column":138},"end":{"line":13,"column":150}},"19":{"start":{"line":14,"column":23},"end":{"line":14,"column":68}},"20":{"start":{"line":14,"column":45},"end":{"line":14,"column":65}},"21":{"start":{"line":16,"column":8},"end":{"line":16,"column":70}},"22":{"start":{"line":16,"column":15},"end":{"line":16,"column":70}},"23":{"start":{"line":17,"column":8},"end":{"line":34,"column":66}},"24":{"start":{"line":17,"column":18},"end":{"line":34,"column":66}},"25":{"start":{"line":18,"column":12},"end":{"line":18,"column":169}},"26":{"start":{"line":18,"column":160},"end":{"line":18,"column":169}},"27":{"start":{"line":19,"column":12},"end":{"line":19,"column":52}},"28":{"start":{"line":19,"column":26},"end":{"line":19,"column":52}},"29":{"start":{"line":20,"column":12},"end":{"line":32,"column":13}},"30":{"start":{"line":21,"column":32},"end":{"line":21,"column":39}},"31":{"start":{"line":21,"column":40},"end":{"line":21,"column":46}},"32":{"start":{"line":22,"column":24},"end":{"line":22,"column":34}},"33":{"start":{"line":22,"column":35},"end":{"line":22,"column":72}},"34":{"start":{"line":23,"column":24},"end":{"line":23,"column":34}},"35":{"start":{"line":23,"column":35},"end":{"line":23,"column":45}},"36":{"start":{"line":23,"column":46},"end":{"line":23,"column":55}},"37":{"start":{"line":23,"column":56},"end":{"line":23,"column":65}},"38":{"start":{"line":24,"column":24},"end":{"line":24,"column":41}},"39":{"start":{"line":24,"column":42},"end":{"line":24,"column":55}},"40":{"start":{"line":24,"column":56},"end":{"line":24,"column":65}},"41":{"start":{"line":26,"column":20},"end":{"line":26,"column":128}},"42":{"start":{"line":26,"column":110},"end":{"line":26,"column":116}},"43":{"start":{"line":26,"column":117},"end":{"line":26,"column":126}},"44":{"start":{"line":27,"column":20},"end":{"line":27,"column":106}},"45":{"start":{"line":27,"column":81},"end":{"line":27,"column":97}},"46":{"start":{"line":27,"column":98},"end":{"line":27,"column":104}},"47":{"start":{"line":28,"column":20},"end":{"line":28,"column":89}},"48":{"start":{"line":28,"column":57},"end":{"line":28,"column":72}},"49":{"start":{"line":28,"column":73},"end":{"line":28,"column":80}},"50":{"start":{"line":28,"column":81},"end":{"line":28,"column":87}},"51":{"start":{"line":29,"column":20},"end":{"line":29,"column":87}},"52":{"start":{"line":29,"column":47},"end":{"line":29,"column":62}},"53":{"start":{"line":29,"column":63},"end":{"line":29,"column":78}},"54":{"start":{"line":29,"column":79},"end":{"line":29,"column":85}},"55":{"start":{"line":30,"column":20},"end":{"line":30,"column":42}},"56":{"start":{"line":30,"column":30},"end":{"line":30,"column":42}},"57":{"start":{"line":31,"column":20},"end":{"line":31,"column":33}},"58":{"start":{"line":31,"column":34},"end":{"line":31,"column":43}},"59":{"start":{"line":33,"column":12},"end":{"line":33,"column":39}},"60":{"start":{"line":34,"column":22},"end":{"line":34,"column":34}},"61":{"start":{"line":34,"column":35},"end":{"line":34,"column":41}},"62":{"start":{"line":34,"column":54},"end":{"line":34,"column":64}},"63":{"start":{"line":35,"column":8},"end":{"line":35,"column":35}},"64":{"start":{"line":35,"column":23},"end":{"line":35,"column":35}},"65":{"start":{"line":35,"column":36},"end":{"line":35,"column":89}},"66":{"start":{"line":38,"column":0},"end":{"line":38,"column":62}},"67":{"start":{"line":39,"column":24},"end":{"line":39,"column":106}},"68":{"start":{"line":40,"column":0},"end":{"line":40,"column":28}},"69":{"start":{"line":41,"column":0},"end":{"line":57,"column":3}},"70":{"start":{"line":42,"column":4},"end":{"line":56,"column":11}},"71":{"start":{"line":42,"column":66},"end":{"line":56,"column":7}},"72":{"start":{"line":44,"column":8},"end":{"line":55,"column":11}},"73":{"start":{"line":45,"column":12},"end":{"line":54,"column":13}},"74":{"start":{"line":47,"column":20},"end":{"line":47,"column":72}},"75":{"start":{"line":48,"column":20},"end":{"line":48,"column":37}},"76":{"start":{"line":49,"column":20},"end":{"line":49,"column":66}},"77":{"start":{"line":51,"column":20},"end":{"line":51,"column":39}},"78":{"start":{"line":52,"column":20},"end":{"line":52,"column":49}},"79":{"start":{"line":53,"column":20},"end":{"line":53,"column":42}}},"fnMap":{"0":{"name":"(anonymous_0)","decl":{"start":{"line":2,"column":44},"end":{"line":2,"column":45}},"loc":{"start":{"line":2,"column":89},"end":{"line":10,"column":1}},"line":2},"1":{"name":"adopt","decl":{"start":{"line":3,"column":13},"end":{"line":3,"column":18}},"loc":{"start":{"line":3,"column":26},"end":{"line":3,"column":112}},"line":3},"2":{"name":"(anonymous_2)","decl":{"start":{"line":3,"column":70},"end":{"line":3,"column":71}},"loc":{"start":{"line":3,"column":89},"end":{"line":3,"column":108}},"line":3},"3":{"name":"(anonymous_3)","decl":{"start":{"line":4,"column":36},"end":{"line":4,"column":37}},"loc":{"start":{"line":4,"column":63},"end":{"line":9,"column":5}},"line":4},"4":{"name":"fulfilled","decl":{"start":{"line":5,"column":17},"end":{"line":5,"column":26}},"loc":{"start":{"line":5,"column":34},"end":{"line":5,"column":99}},"line":5},"5":{"name":"rejected","decl":{"start":{"line":6,"column":17},"end":{"line":6,"column":25}},"loc":{"start":{"line":6,"column":33},"end":{"line":6,"column":102}},"line":6},"6":{"name":"step","decl":{"start":{"line":7,"column":17},"end":{"line":7,"column":21}},"loc":{"start":{"line":7,"column":30},"end":{"line":7,"column":118}},"line":7},"7":{"name":"(anonymous_7)","decl":{"start":{"line":11,"column":48},"end":{"line":11,"column":49}},"loc":{"start":{"line":11,"column":73},"end":{"line":37,"column":1}},"line":11},"8":{"name":"(anonymous_8)","decl":{"start":{"line":12,"column":30},"end":{"line":12,"column":31}},"loc":{"start":{"line":12,"column":41},"end":{"line":12,"column":83}},"line":12},"9":{"name":"(anonymous_9)","decl":{"start":{"line":13,"column":125},"end":{"line":13,"column":126}},"loc":{"start":{"line":13,"column":136},"end":{"line":13,"column":152}},"line":13},"10":{"name":"verb","decl":{"start":{"line":14,"column":13},"end":{"line":14,"column":17}},"loc":{"start":{"line":14,"column":21},"end":{"line":14,"column":70}},"line":14},"11":{"name":"(anonymous_11)","decl":{"start":{"line":14,"column":30},"end":{"line":14,"column":31}},"loc":{"start":{"line":14,"column":43},"end":{"line":14,"column":67}},"line":14},"12":{"name":"step","decl":{"start":{"line":15,"column":13},"end":{"line":15,"column":17}},"loc":{"start":{"line":15,"column":22},"end":{"line":36,"column":5}},"line":15},"13":{"name":"(anonymous_13)","decl":{"start":{"line":41,"column":34},"end":{"line":41,"column":35}},"loc":{"start":{"line":41,"column":46},"end":{"line":57,"column":1}},"line":41},"14":{"name":"(anonymous_14)","decl":{"start":{"line":42,"column":52},"end":{"line":42,"column":53}},"loc":{"start":{"line":42,"column":64},"end":{"line":56,"column":9}},"line":42},"15":{"name":"(anonymous_15)","decl":{"start":{"line":42,"column":107},"end":{"line":42,"column":108}},"loc":{"start":{"line":42,"column":119},"end":{"line":56,"column":5}},"line":42},"16":{"name":"(anonymous_16)","decl":{"start":{"line":44,"column":33},"end":{"line":44,"column":34}},"loc":{"start":{"line":44,"column":47},"end":{"line":55,"column":9}},"line":44}},"branchMap":{"0":{"loc":{"start":{"line":2,"column":16},"end":{"line":10,"column":1}},"type":"binary-expr","locations":[{"start":{"line":2,"column":17},"end":{"line":2,"column":21}},{"start":{"line":2,"column":25},"end":{"line":2,"column":39}},{"start":{"line":2,"column":44},"end":{"line":10,"column":1}}],"line":2},"1":{"loc":{"start":{"line":3,"column":35},"end":{"line":3,"column":109}},"type":"cond-expr","locations":[{"start":{"line":3,"column":56},"end":{"line":3,"column":61}},{"start":{"line":3,"column":64},"end":{"line":3,"column":109}}],"line":3},"2":{"loc":{"start":{"line":4,"column":16},"end":{"line":4,"column":34}},"type":"binary-expr","locations":[{"start":{"line":4,"column":16},"end":{"line":4,"column":17}},{"start":{"line":4,"column":22},"end":{"line":4,"column":33}}],"line":4},"3":{"loc":{"start":{"line":7,"column":32},"end":{"line":7,"column":115}},"type":"cond-expr","locations":[{"start":{"line":7,"column":46},"end":{"line":7,"column":67}},{"start":{"line":7,"column":70},"end":{"line":7,"column":115}}],"line":7},"4":{"loc":{"start":{"line":8,"column":51},"end":{"line":8,"column":67}},"type":"binary-expr","locations":[{"start":{"line":8,"column":51},"end":{"line":8,"column":61}},{"start":{"line":8,"column":65},"end":{"line":8,"column":67}}],"line":8},"5":{"loc":{"start":{"line":11,"column":18},"end":{"line":37,"column":1}},"type":"binary-expr","locations":[{"start":{"line":11,"column":19},"end":{"line":11,"column":23}},{"start":{"line":11,"column":27},"end":{"line":11,"column":43}},{"start":{"line":11,"column":48},"end":{"line":37,"column":1}}],"line":11},"6":{"loc":{"start":{"line":12,"column":43},"end":{"line":12,"column":68}},"type":"if","locations":[{"start":{"line":12,"column":43},"end":{"line":12,"column":68}},{"start":{"line":12,"column":43},"end":{"line":12,"column":68}}],"line":12},"7":{"loc":{"start":{"line":13,"column":71},"end":{"line":13,"column":153}},"type":"binary-expr","locations":[{"start":{"line":13,"column":71},"end":{"line":13,"column":99}},{"start":{"line":13,"column":104},"end":{"line":13,"column":152}}],"line":13},"8":{"loc":{"start":{"line":16,"column":8},"end":{"line":16,"column":70}},"type":"if","locations":[{"start":{"line":16,"column":8},"end":{"line":16,"column":70}},{"start":{"line":16,"column":8},"end":{"line":16,"column":70}}],"line":16},"9":{"loc":{"start":{"line":18,"column":12},"end":{"line":18,"column":169}},"type":"if","locations":[{"start":{"line":18,"column":12},"end":{"line":18,"column":169}},{"start":{"line":18,"column":12},"end":{"line":18,"column":169}}],"line":18},"10":{"loc":{"start":{"line":18,"column":23},"end":{"line":18,"column":158}},"type":"binary-expr","locations":[{"start":{"line":18,"column":23},"end":{"line":18,"column":24}},{"start":{"line":18,"column":29},"end":{"line":18,"column":125}},{"start":{"line":18,"column":130},"end":{"line":18,"column":158}}],"line":18},"11":{"loc":{"start":{"line":18,"column":33},"end":{"line":18,"column":125}},"type":"cond-expr","locations":[{"start":{"line":18,"column":45},"end":{"line":18,"column":56}},{"start":{"line":18,"column":59},"end":{"line":18,"column":125}}],"line":18},"12":{"loc":{"start":{"line":18,"column":59},"end":{"line":18,"column":125}},"type":"cond-expr","locations":[{"start":{"line":18,"column":67},"end":{"line":18,"column":116}},{"start":{"line":18,"column":119},"end":{"line":18,"column":125}}],"line":18},"13":{"loc":{"start":{"line":18,"column":67},"end":{"line":18,"column":116}},"type":"binary-expr","locations":[{"start":{"line":18,"column":67},"end":{"line":18,"column":77}},{"start":{"line":18,"column":82},"end":{"line":18,"column":115}}],"line":18},"14":{"loc":{"start":{"line":18,"column":82},"end":{"line":18,"column":112}},"type":"binary-expr","locations":[{"start":{"line":18,"column":83},"end":{"line":18,"column":98}},{"start":{"line":18,"column":103},"end":{"line":18,"column":112}}],"line":18},"15":{"loc":{"start":{"line":19,"column":12},"end":{"line":19,"column":52}},"type":"if","locations":[{"start":{"line":19,"column":12},"end":{"line":19,"column":52}},{"start":{"line":19,"column":12},"end":{"line":19,"column":52}}],"line":19},"16":{"loc":{"start":{"line":20,"column":12},"end":{"line":32,"column":13}},"type":"switch","locations":[{"start":{"line":21,"column":16},"end":{"line":21,"column":23}},{"start":{"line":21,"column":24},"end":{"line":21,"column":46}},{"start":{"line":22,"column":16},"end":{"line":22,"column":72}},{"start":{"line":23,"column":16},"end":{"line":23,"column":65}},{"start":{"line":24,"column":16},"end":{"line":24,"column":65}},{"start":{"line":25,"column":16},"end":{"line":31,"column":43}}],"line":20},"17":{"loc":{"start":{"line":26,"column":20},"end":{"line":26,"column":128}},"type":"if","locations":[{"start":{"line":26,"column":20},"end":{"line":26,"column":128}},{"start":{"line":26,"column":20},"end":{"line":26,"column":128}}],"line":26},"18":{"loc":{"start":{"line":26,"column":24},"end":{"line":26,"column":106}},"type":"binary-expr","locations":[{"start":{"line":26,"column":24},"end":{"line":26,"column":74}},{"start":{"line":26,"column":79},"end":{"line":26,"column":90}},{"start":{"line":26,"column":94},"end":{"line":26,"column":105}}],"line":26},"19":{"loc":{"start":{"line":26,"column":42},"end":{"line":26,"column":73}},"type":"binary-expr","locations":[{"start":{"line":26,"column":42},"end":{"line":26,"column":54}},{"start":{"line":26,"column":58},"end":{"line":26,"column":73}}],"line":26},"20":{"loc":{"start":{"line":27,"column":20},"end":{"line":27,"column":106}},"type":"if","locations":[{"start":{"line":27,"column":20},"end":{"line":27,"column":106}},{"start":{"line":27,"column":20},"end":{"line":27,"column":106}}],"line":27},"21":{"loc":{"start":{"line":27,"column":24},"end":{"line":27,"column":77}},"type":"binary-expr","locations":[{"start":{"line":27,"column":24},"end":{"line":27,"column":35}},{"start":{"line":27,"column":40},"end":{"line":27,"column":42}},{"start":{"line":27,"column":47},"end":{"line":27,"column":59}},{"start":{"line":27,"column":63},"end":{"line":27,"column":75}}],"line":27},"22":{"loc":{"start":{"line":28,"column":20},"end":{"line":28,"column":89}},"type":"if","locations":[{"start":{"line":28,"column":20},"end":{"line":28,"column":89}},{"start":{"line":28,"column":20},"end":{"line":28,"column":89}}],"line":28},"23":{"loc":{"start":{"line":28,"column":24},"end":{"line":28,"column":53}},"type":"binary-expr","locations":[{"start":{"line":28,"column":24},"end":{"line":28,"column":35}},{"start":{"line":28,"column":39},"end":{"line":28,"column":53}}],"line":28},"24":{"loc":{"start":{"line":29,"column":20},"end":{"line":29,"column":87}},"type":"if","locations":[{"start":{"line":29,"column":20},"end":{"line":29,"column":87}},{"start":{"line":29,"column":20},"end":{"line":29,"column":87}}],"line":29},"25":{"loc":{"start":{"line":29,"column":24},"end":{"line":29,"column":43}},"type":"binary-expr","locations":[{"start":{"line":29,"column":24},"end":{"line":29,"column":25}},{"start":{"line":29,"column":29},"end":{"line":29,"column":43}}],"line":29},"26":{"loc":{"start":{"line":30,"column":20},"end":{"line":30,"column":42}},"type":"if","locations":[{"start":{"line":30,"column":20},"end":{"line":30,"column":42}},{"start":{"line":30,"column":20},"end":{"line":30,"column":42}}],"line":30},"27":{"loc":{"start":{"line":35,"column":8},"end":{"line":35,"column":35}},"type":"if","locations":[{"start":{"line":35,"column":8},"end":{"line":35,"column":35}},{"start":{"line":35,"column":8},"end":{"line":35,"column":35}}],"line":35},"28":{"loc":{"start":{"line":35,"column":52},"end":{"line":35,"column":74}},"type":"cond-expr","locations":[{"start":{"line":35,"column":60},"end":{"line":35,"column":65}},{"start":{"line":35,"column":68},"end":{"line":35,"column":74}}],"line":35},"29":{"loc":{"start":{"line":45,"column":12},"end":{"line":54,"column":13}},"type":"switch","locations":[{"start":{"line":46,"column":16},"end":{"line":49,"column":66}},{"start":{"line":50,"column":16},"end":{"line":53,"column":42}}],"line":45}},"s":{"0":1,"1":1,"2":0,"3":1,"4":1,"5":1,"6":0,"7":0,"8":0,"9":0,"10":2,"11":1,"12":1,"13":1,"14":1,"15":0,"16":1,"17":1,"18":0,"19":3,"20":2,"21":2,"22":0,"23":2,"24":4,"25":4,"26":0,"27":4,"28":0,"29":4,"30":2,"31":2,"32":1,"33":1,"34":0,"35":0,"36":0,"37":0,"38":0,"39":0,"40":0,"41":1,"42":1,"43":1,"44":0,"45":0,"46":0,"47":0,"48":0,"49":0,"50":0,"51":0,"52":0,"53":0,"54":0,"55":0,"56":0,"57":0,"58":0,"59":2,"60":0,"61":0,"62":4,"63":1,"64":0,"65":1,"66":1,"67":1,"68":1,"69":1,"70":1,"71":1,"72":1,"73":2,"74":1,"75":1,"76":1,"77":1,"78":1,"79":1},"f":{"0":1,"1":1,"2":0,"3":1,"4":1,"5":0,"6":2,"7":1,"8":1,"9":0,"10":3,"11":2,"12":2,"13":1,"14":1,"15":1,"16":2},"b":{"0":[1,1,1],"1":[1,0],"2":[1,1],"3":[1,1],"4":[1,1],"5":[1,1,1],"6":[0,1],"7":[1,1],"8":[0,2],"9":[0,4],"10":[4,0,0],"11":[0,0],"12":[0,0],"13":[0,0],"14":[0,0],"15":[0,4],"16":[2,2,1,0,0,1],"17":[1,0],"18":[1,1,1],"19":[1,0],"20":[0,0],"21":[0,0,0,0],"22":[0,0],"23":[0,0],"24":[0,0],"25":[0,0],"26":[0,0],"27":[0,1],"28":[1,0],"29":[1,1]},"_coverageSchema":"43e27e138ebf9cfc5966b082cf9a028302ed4184","hash":"b06e336770a97615e0c5e788b28233c823f4a48c","contentHash":"9b2d561f285c50280228a7347fc365a31ad671e2a288cf4ab65d423ba0971d63"},"C:\\Users\\dedreira\\source\\GitHub\\typescript-webapi-inversify\\src\\domain\\infrastructure\\repositories\\echo\\echo-repository.ts":{"path":"C:\\Users\\dedreira\\source\\GitHub\\typescript-webapi-inversify\\src\\domain\\infrastructure\\repositories\\echo\\echo-repository.ts","statementMap":{"0":{"start":{"line":2,"column":17},"end":{"line":7,"column":1}},"1":{"start":{"line":3,"column":12},"end":{"line":3,"column":28}},"2":{"start":{"line":3,"column":34},"end":{"line":3,"column":125}},"3":{"start":{"line":4,"column":4},"end":{"line":5,"column":150}},"4":{"start":{"line":4,"column":79},"end":{"line":4,"column":131}},"5":{"start":{"line":5,"column":9},"end":{"line":5,"column":150}},"6":{"start":{"line":5,"column":22},"end":{"line":5,"column":43}},"7":{"start":{"line":5,"column":58},"end":{"line":5,"column":150}},"8":{"start":{"line":5,"column":81},"end":{"line":5,"column":150}},"9":{"start":{"line":6,"column":4},"end":{"line":6,"column":66}},"10":{"start":{"line":8,"column":16},"end":{"line":16,"column":1}},"11":{"start":{"line":9,"column":28},"end":{"line":9,"column":110}},"12":{"start":{"line":9,"column":91},"end":{"line":9,"column":106}},"13":{"start":{"line":10,"column":4},"end":{"line":15,"column":7}},"14":{"start":{"line":11,"column":36},"end":{"line":11,"column":97}},"15":{"start":{"line":11,"column":42},"end":{"line":11,"column":70}},"16":{"start":{"line":11,"column":85},"end":{"line":11,"column":95}},"17":{"start":{"line":12,"column":35},"end":{"line":12,"column":100}},"18":{"start":{"line":12,"column":41},"end":{"line":12,"column":73}},"19":{"start":{"line":12,"column":88},"end":{"line":12,"column":98}},"20":{"start":{"line":13,"column":32},"end":{"line":13,"column":116}},"21":{"start":{"line":14,"column":8},"end":{"line":14,"column":78}},"22":{"start":{"line":17,"column":18},"end":{"line":43,"column":1}},"23":{"start":{"line":18,"column":12},"end":{"line":18,"column":104}},"24":{"start":{"line":18,"column":43},"end":{"line":18,"column":68}},"25":{"start":{"line":18,"column":57},"end":{"line":18,"column":68}},"26":{"start":{"line":18,"column":69},"end":{"line":18,"column":81}},"27":{"start":{"line":19,"column":4},"end":{"line":19,"column":157}},"28":{"start":{"line":19,"column":138},"end":{"line":19,"column":150}},"29":{"start":{"line":20,"column":23},"end":{"line":20,"column":68}},"30":{"start":{"line":20,"column":45},"end":{"line":20,"column":65}},"31":{"start":{"line":22,"column":8},"end":{"line":22,"column":70}},"32":{"start":{"line":22,"column":15},"end":{"line":22,"column":70}},"33":{"start":{"line":23,"column":8},"end":{"line":40,"column":66}},"34":{"start":{"line":23,"column":18},"end":{"line":40,"column":66}},"35":{"start":{"line":24,"column":12},"end":{"line":24,"column":169}},"36":{"start":{"line":24,"column":160},"end":{"line":24,"column":169}},"37":{"start":{"line":25,"column":12},"end":{"line":25,"column":52}},"38":{"start":{"line":25,"column":26},"end":{"line":25,"column":52}},"39":{"start":{"line":26,"column":12},"end":{"line":38,"column":13}},"40":{"start":{"line":27,"column":32},"end":{"line":27,"column":39}},"41":{"start":{"line":27,"column":40},"end":{"line":27,"column":46}},"42":{"start":{"line":28,"column":24},"end":{"line":28,"column":34}},"43":{"start":{"line":28,"column":35},"end":{"line":28,"column":72}},"44":{"start":{"line":29,"column":24},"end":{"line":29,"column":34}},"45":{"start":{"line":29,"column":35},"end":{"line":29,"column":45}},"46":{"start":{"line":29,"column":46},"end":{"line":29,"column":55}},"47":{"start":{"line":29,"column":56},"end":{"line":29,"column":65}},"48":{"start":{"line":30,"column":24},"end":{"line":30,"column":41}},"49":{"start":{"line":30,"column":42},"end":{"line":30,"column":55}},"50":{"start":{"line":30,"column":56},"end":{"line":30,"column":65}},"51":{"start":{"line":32,"column":20},"end":{"line":32,"column":128}},"52":{"start":{"line":32,"column":110},"end":{"line":32,"column":116}},"53":{"start":{"line":32,"column":117},"end":{"line":32,"column":126}},"54":{"start":{"line":33,"column":20},"end":{"line":33,"column":106}},"55":{"start":{"line":33,"column":81},"end":{"line":33,"column":97}},"56":{"start":{"line":33,"column":98},"end":{"line":33,"column":104}},"57":{"start":{"line":34,"column":20},"end":{"line":34,"column":89}},"58":{"start":{"line":34,"column":57},"end":{"line":34,"column":72}},"59":{"start":{"line":34,"column":73},"end":{"line":34,"column":80}},"60":{"start":{"line":34,"column":81},"end":{"line":34,"column":87}},"61":{"start":{"line":35,"column":20},"end":{"line":35,"column":87}},"62":{"start":{"line":35,"column":47},"end":{"line":35,"column":62}},"63":{"start":{"line":35,"column":63},"end":{"line":35,"column":78}},"64":{"start":{"line":35,"column":79},"end":{"line":35,"column":85}},"65":{"start":{"line":36,"column":20},"end":{"line":36,"column":42}},"66":{"start":{"line":36,"column":30},"end":{"line":36,"column":42}},"67":{"start":{"line":37,"column":20},"end":{"line":37,"column":33}},"68":{"start":{"line":37,"column":34},"end":{"line":37,"column":43}},"69":{"start":{"line":39,"column":12},"end":{"line":39,"column":39}},"70":{"start":{"line":40,"column":22},"end":{"line":40,"column":34}},"71":{"start":{"line":40,"column":35},"end":{"line":40,"column":41}},"72":{"start":{"line":40,"column":54},"end":{"line":40,"column":64}},"73":{"start":{"line":41,"column":8},"end":{"line":41,"column":35}},"74":{"start":{"line":41,"column":23},"end":{"line":41,"column":35}},"75":{"start":{"line":41,"column":36},"end":{"line":41,"column":89}},"76":{"start":{"line":44,"column":0},"end":{"line":44,"column":62}},"77":{"start":{"line":45,"column":18},"end":{"line":45,"column":38}},"78":{"start":{"line":46,"column":0},"end":{"line":46,"column":28}},"79":{"start":{"line":47,"column":36},"end":{"line":61,"column":3}},"80":{"start":{"line":50,"column":4},"end":{"line":56,"column":6}},"81":{"start":{"line":51,"column":8},"end":{"line":55,"column":11}},"82":{"start":{"line":52,"column":12},"end":{"line":54,"column":15}},"83":{"start":{"line":53,"column":16},"end":{"line":53,"column":47}},"84":{"start":{"line":57,"column":4},"end":{"line":59,"column":23}},"85":{"start":{"line":60,"column":4},"end":{"line":60,"column":26}},"86":{"start":{"line":62,"column":0},"end":{"line":62,"column":40}}},"fnMap":{"0":{"name":"(anonymous_0)","decl":{"start":{"line":2,"column":46},"end":{"line":2,"column":47}},"loc":{"start":{"line":2,"column":87},"end":{"line":7,"column":1}},"line":2},"1":{"name":"(anonymous_1)","decl":{"start":{"line":8,"column":44},"end":{"line":8,"column":45}},"loc":{"start":{"line":8,"column":89},"end":{"line":16,"column":1}},"line":8},"2":{"name":"adopt","decl":{"start":{"line":9,"column":13},"end":{"line":9,"column":18}},"loc":{"start":{"line":9,"column":26},"end":{"line":9,"column":112}},"line":9},"3":{"name":"(anonymous_3)","decl":{"start":{"line":9,"column":70},"end":{"line":9,"column":71}},"loc":{"start":{"line":9,"column":89},"end":{"line":9,"column":108}},"line":9},"4":{"name":"(anonymous_4)","decl":{"start":{"line":10,"column":36},"end":{"line":10,"column":37}},"loc":{"start":{"line":10,"column":63},"end":{"line":15,"column":5}},"line":10},"5":{"name":"fulfilled","decl":{"start":{"line":11,"column":17},"end":{"line":11,"column":26}},"loc":{"start":{"line":11,"column":34},"end":{"line":11,"column":99}},"line":11},"6":{"name":"rejected","decl":{"start":{"line":12,"column":17},"end":{"line":12,"column":25}},"loc":{"start":{"line":12,"column":33},"end":{"line":12,"column":102}},"line":12},"7":{"name":"step","decl":{"start":{"line":13,"column":17},"end":{"line":13,"column":21}},"loc":{"start":{"line":13,"column":30},"end":{"line":13,"column":118}},"line":13},"8":{"name":"(anonymous_8)","decl":{"start":{"line":17,"column":48},"end":{"line":17,"column":49}},"loc":{"start":{"line":17,"column":73},"end":{"line":43,"column":1}},"line":17},"9":{"name":"(anonymous_9)","decl":{"start":{"line":18,"column":30},"end":{"line":18,"column":31}},"loc":{"start":{"line":18,"column":41},"end":{"line":18,"column":83}},"line":18},"10":{"name":"(anonymous_10)","decl":{"start":{"line":19,"column":125},"end":{"line":19,"column":126}},"loc":{"start":{"line":19,"column":136},"end":{"line":19,"column":152}},"line":19},"11":{"name":"verb","decl":{"start":{"line":20,"column":13},"end":{"line":20,"column":17}},"loc":{"start":{"line":20,"column":21},"end":{"line":20,"column":70}},"line":20},"12":{"name":"(anonymous_12)","decl":{"start":{"line":20,"column":30},"end":{"line":20,"column":31}},"loc":{"start":{"line":20,"column":43},"end":{"line":20,"column":67}},"line":20},"13":{"name":"step","decl":{"start":{"line":21,"column":13},"end":{"line":21,"column":17}},"loc":{"start":{"line":21,"column":22},"end":{"line":42,"column":5}},"line":21},"14":{"name":"(anonymous_14)","decl":{"start":{"line":47,"column":36},"end":{"line":47,"column":37}},"loc":{"start":{"line":47,"column":48},"end":{"line":61,"column":1}},"line":47},"15":{"name":"EchoRepository","decl":{"start":{"line":48,"column":13},"end":{"line":48,"column":27}},"loc":{"start":{"line":48,"column":30},"end":{"line":49,"column":5}},"line":48},"16":{"name":"(anonymous_16)","decl":{"start":{"line":50,"column":35},"end":{"line":50,"column":36}},"loc":{"start":{"line":50,"column":54},"end":{"line":56,"column":5}},"line":50},"17":{"name":"(anonymous_17)","decl":{"start":{"line":51,"column":47},"end":{"line":51,"column":48}},"loc":{"start":{"line":51,"column":59},"end":{"line":55,"column":9}},"line":51},"18":{"name":"(anonymous_18)","decl":{"start":{"line":52,"column":37},"end":{"line":52,"column":38}},"loc":{"start":{"line":52,"column":51},"end":{"line":54,"column":13}},"line":52}},"branchMap":{"0":{"loc":{"start":{"line":2,"column":17},"end":{"line":7,"column":1}},"type":"binary-expr","locations":[{"start":{"line":2,"column":18},"end":{"line":2,"column":22}},{"start":{"line":2,"column":26},"end":{"line":2,"column":41}},{"start":{"line":2,"column":46},"end":{"line":7,"column":1}}],"line":2},"1":{"loc":{"start":{"line":3,"column":34},"end":{"line":3,"column":125}},"type":"cond-expr","locations":[{"start":{"line":3,"column":42},"end":{"line":3,"column":48}},{"start":{"line":3,"column":51},"end":{"line":3,"column":125}}],"line":3},"2":{"loc":{"start":{"line":3,"column":51},"end":{"line":3,"column":125}},"type":"cond-expr","locations":[{"start":{"line":3,"column":67},"end":{"line":3,"column":118}},{"start":{"line":3,"column":121},"end":{"line":3,"column":125}}],"line":3},"3":{"loc":{"start":{"line":4,"column":4},"end":{"line":5,"column":150}},"type":"if","locations":[{"start":{"line":4,"column":4},"end":{"line":5,"column":150}},{"start":{"line":4,"column":4},"end":{"line":5,"column":150}}],"line":4},"4":{"loc":{"start":{"line":4,"column":8},"end":{"line":4,"column":77}},"type":"binary-expr","locations":[{"start":{"line":4,"column":8},"end":{"line":4,"column":35}},{"start":{"line":4,"column":39},"end":{"line":4,"column":77}}],"line":4},"5":{"loc":{"start":{"line":5,"column":58},"end":{"line":5,"column":150}},"type":"if","locations":[{"start":{"line":5,"column":58},"end":{"line":5,"column":150}},{"start":{"line":5,"column":58},"end":{"line":5,"column":150}}],"line":5},"6":{"loc":{"start":{"line":5,"column":85},"end":{"line":5,"column":149}},"type":"binary-expr","locations":[{"start":{"line":5,"column":86},"end":{"line":5,"column":143}},{"start":{"line":5,"column":148},"end":{"line":5,"column":149}}],"line":5},"7":{"loc":{"start":{"line":5,"column":86},"end":{"line":5,"column":143}},"type":"cond-expr","locations":[{"start":{"line":5,"column":94},"end":{"line":5,"column":98}},{"start":{"line":5,"column":101},"end":{"line":5,"column":143}}],"line":5},"8":{"loc":{"start":{"line":5,"column":101},"end":{"line":5,"column":143}},"type":"cond-expr","locations":[{"start":{"line":5,"column":109},"end":{"line":5,"column":126}},{"start":{"line":5,"column":129},"end":{"line":5,"column":143}}],"line":5},"9":{"loc":{"start":{"line":6,"column":11},"end":{"line":6,"column":62}},"type":"binary-expr","locations":[{"start":{"line":6,"column":11},"end":{"line":6,"column":16}},{"start":{"line":6,"column":20},"end":{"line":6,"column":21}},{"start":{"line":6,"column":25},"end":{"line":6,"column":62}}],"line":6},"10":{"loc":{"start":{"line":8,"column":16},"end":{"line":16,"column":1}},"type":"binary-expr","locations":[{"start":{"line":8,"column":17},"end":{"line":8,"column":21}},{"start":{"line":8,"column":25},"end":{"line":8,"column":39}},{"start":{"line":8,"column":44},"end":{"line":16,"column":1}}],"line":8},"11":{"loc":{"start":{"line":9,"column":35},"end":{"line":9,"column":109}},"type":"cond-expr","locations":[{"start":{"line":9,"column":56},"end":{"line":9,"column":61}},{"start":{"line":9,"column":64},"end":{"line":9,"column":109}}],"line":9},"12":{"loc":{"start":{"line":10,"column":16},"end":{"line":10,"column":34}},"type":"binary-expr","locations":[{"start":{"line":10,"column":16},"end":{"line":10,"column":17}},{"start":{"line":10,"column":22},"end":{"line":10,"column":33}}],"line":10},"13":{"loc":{"start":{"line":13,"column":32},"end":{"line":13,"column":115}},"type":"cond-expr","locations":[{"start":{"line":13,"column":46},"end":{"line":13,"column":67}},{"start":{"line":13,"column":70},"end":{"line":13,"column":115}}],"line":13},"14":{"loc":{"start":{"line":14,"column":51},"end":{"line":14,"column":67}},"type":"binary-expr","locations":[{"start":{"line":14,"column":51},"end":{"line":14,"column":61}},{"start":{"line":14,"column":65},"end":{"line":14,"column":67}}],"line":14},"15":{"loc":{"start":{"line":17,"column":18},"end":{"line":43,"column":1}},"type":"binary-expr","locations":[{"start":{"line":17,"column":19},"end":{"line":17,"column":23}},{"start":{"line":17,"column":27},"end":{"line":17,"column":43}},{"start":{"line":17,"column":48},"end":{"line":43,"column":1}}],"line":17},"16":{"loc":{"start":{"line":18,"column":43},"end":{"line":18,"column":68}},"type":"if","locations":[{"start":{"line":18,"column":43},"end":{"line":18,"column":68}},{"start":{"line":18,"column":43},"end":{"line":18,"column":68}}],"line":18},"17":{"loc":{"start":{"line":19,"column":71},"end":{"line":19,"column":153}},"type":"binary-expr","locations":[{"start":{"line":19,"column":71},"end":{"line":19,"column":99}},{"start":{"line":19,"column":104},"end":{"line":19,"column":152}}],"line":19},"18":{"loc":{"start":{"line":22,"column":8},"end":{"line":22,"column":70}},"type":"if","locations":[{"start":{"line":22,"column":8},"end":{"line":22,"column":70}},{"start":{"line":22,"column":8},"end":{"line":22,"column":70}}],"line":22},"19":{"loc":{"start":{"line":24,"column":12},"end":{"line":24,"column":169}},"type":"if","locations":[{"start":{"line":24,"column":12},"end":{"line":24,"column":169}},{"start":{"line":24,"column":12},"end":{"line":24,"column":169}}],"line":24},"20":{"loc":{"start":{"line":24,"column":23},"end":{"line":24,"column":158}},"type":"binary-expr","locations":[{"start":{"line":24,"column":23},"end":{"line":24,"column":24}},{"start":{"line":24,"column":29},"end":{"line":24,"column":125}},{"start":{"line":24,"column":130},"end":{"line":24,"column":158}}],"line":24},"21":{"loc":{"start":{"line":24,"column":33},"end":{"line":24,"column":125}},"type":"cond-expr","locations":[{"start":{"line":24,"column":45},"end":{"line":24,"column":56}},{"start":{"line":24,"column":59},"end":{"line":24,"column":125}}],"line":24},"22":{"loc":{"start":{"line":24,"column":59},"end":{"line":24,"column":125}},"type":"cond-expr","locations":[{"start":{"line":24,"column":67},"end":{"line":24,"column":116}},{"start":{"line":24,"column":119},"end":{"line":24,"column":125}}],"line":24},"23":{"loc":{"start":{"line":24,"column":67},"end":{"line":24,"column":116}},"type":"binary-expr","locations":[{"start":{"line":24,"column":67},"end":{"line":24,"column":77}},{"start":{"line":24,"column":82},"end":{"line":24,"column":115}}],"line":24},"24":{"loc":{"start":{"line":24,"column":82},"end":{"line":24,"column":112}},"type":"binary-expr","locations":[{"start":{"line":24,"column":83},"end":{"line":24,"column":98}},{"start":{"line":24,"column":103},"end":{"line":24,"column":112}}],"line":24},"25":{"loc":{"start":{"line":25,"column":12},"end":{"line":25,"column":52}},"type":"if","locations":[{"start":{"line":25,"column":12},"end":{"line":25,"column":52}},{"start":{"line":25,"column":12},"end":{"line":25,"column":52}}],"line":25},"26":{"loc":{"start":{"line":26,"column":12},"end":{"line":38,"column":13}},"type":"switch","locations":[{"start":{"line":27,"column":16},"end":{"line":27,"column":23}},{"start":{"line":27,"column":24},"end":{"line":27,"column":46}},{"start":{"line":28,"column":16},"end":{"line":28,"column":72}},{"start":{"line":29,"column":16},"end":{"line":29,"column":65}},{"start":{"line":30,"column":16},"end":{"line":30,"column":65}},{"start":{"line":31,"column":16},"end":{"line":37,"column":43}}],"line":26},"27":{"loc":{"start":{"line":32,"column":20},"end":{"line":32,"column":128}},"type":"if","locations":[{"start":{"line":32,"column":20},"end":{"line":32,"column":128}},{"start":{"line":32,"column":20},"end":{"line":32,"column":128}}],"line":32},"28":{"loc":{"start":{"line":32,"column":24},"end":{"line":32,"column":106}},"type":"binary-expr","locations":[{"start":{"line":32,"column":24},"end":{"line":32,"column":74}},{"start":{"line":32,"column":79},"end":{"line":32,"column":90}},{"start":{"line":32,"column":94},"end":{"line":32,"column":105}}],"line":32},"29":{"loc":{"start":{"line":32,"column":42},"end":{"line":32,"column":73}},"type":"binary-expr","locations":[{"start":{"line":32,"column":42},"end":{"line":32,"column":54}},{"start":{"line":32,"column":58},"end":{"line":32,"column":73}}],"line":32},"30":{"loc":{"start":{"line":33,"column":20},"end":{"line":33,"column":106}},"type":"if","locations":[{"start":{"line":33,"column":20},"end":{"line":33,"column":106}},{"start":{"line":33,"column":20},"end":{"line":33,"column":106}}],"line":33},"31":{"loc":{"start":{"line":33,"column":24},"end":{"line":33,"column":77}},"type":"binary-expr","locations":[{"start":{"line":33,"column":24},"end":{"line":33,"column":35}},{"start":{"line":33,"column":40},"end":{"line":33,"column":42}},{"start":{"line":33,"column":47},"end":{"line":33,"column":59}},{"start":{"line":33,"column":63},"end":{"line":33,"column":75}}],"line":33},"32":{"loc":{"start":{"line":34,"column":20},"end":{"line":34,"column":89}},"type":"if","locations":[{"start":{"line":34,"column":20},"end":{"line":34,"column":89}},{"start":{"line":34,"column":20},"end":{"line":34,"column":89}}],"line":34},"33":{"loc":{"start":{"line":34,"column":24},"end":{"line":34,"column":53}},"type":"binary-expr","locations":[{"start":{"line":34,"column":24},"end":{"line":34,"column":35}},{"start":{"line":34,"column":39},"end":{"line":34,"column":53}}],"line":34},"34":{"loc":{"start":{"line":35,"column":20},"end":{"line":35,"column":87}},"type":"if","locations":[{"start":{"line":35,"column":20},"end":{"line":35,"column":87}},{"start":{"line":35,"column":20},"end":{"line":35,"column":87}}],"line":35},"35":{"loc":{"start":{"line":35,"column":24},"end":{"line":35,"column":43}},"type":"binary-expr","locations":[{"start":{"line":35,"column":24},"end":{"line":35,"column":25}},{"start":{"line":35,"column":29},"end":{"line":35,"column":43}}],"line":35},"36":{"loc":{"start":{"line":36,"column":20},"end":{"line":36,"column":42}},"type":"if","locations":[{"start":{"line":36,"column":20},"end":{"line":36,"column":42}},{"start":{"line":36,"column":20},"end":{"line":36,"column":42}}],"line":36},"37":{"loc":{"start":{"line":41,"column":8},"end":{"line":41,"column":35}},"type":"if","locations":[{"start":{"line":41,"column":8},"end":{"line":41,"column":35}},{"start":{"line":41,"column":8},"end":{"line":41,"column":35}}],"line":41},"38":{"loc":{"start":{"line":41,"column":52},"end":{"line":41,"column":74}},"type":"cond-expr","locations":[{"start":{"line":41,"column":60},"end":{"line":41,"column":65}},{"start":{"line":41,"column":68},"end":{"line":41,"column":74}}],"line":41}},"s":{"0":1,"1":1,"2":1,"3":1,"4":1,"5":0,"6":0,"7":0,"8":0,"9":1,"10":1,"11":0,"12":0,"13":1,"14":0,"15":0,"16":0,"17":0,"18":0,"19":0,"20":1,"21":1,"22":1,"23":1,"24":0,"25":0,"26":0,"27":1,"28":0,"29":3,"30":1,"31":1,"32":0,"33":1,"34":2,"35":2,"36":0,"37":2,"38":0,"39":2,"40":1,"41":1,"42":0,"43":0,"44":0,"45":0,"46":0,"47":0,"48":0,"49":0,"50":0,"51":1,"52":1,"53":1,"54":0,"55":0,"56":0,"57":0,"58":0,"59":0,"60":0,"61":0,"62":0,"63":0,"64":0,"65":0,"66":0,"67":0,"68":0,"69":1,"70":0,"71":0,"72":2,"73":1,"74":0,"75":1,"76":1,"77":1,"78":1,"79":1,"80":1,"81":1,"82":1,"83":1,"84":1,"85":1,"86":1},"f":{"0":1,"1":1,"2":0,"3":0,"4":1,"5":0,"6":0,"7":1,"8":1,"9":0,"10":0,"11":3,"12":1,"13":1,"14":1,"15":2,"16":1,"17":1,"18":1},"b":{"0":[1,1,1],"1":[1,0],"2":[0,0],"3":[1,0],"4":[1,1],"5":[0,0],"6":[0,0],"7":[0,0],"8":[0,0],"9":[1,0,0],"10":[1,1,1],"11":[0,0],"12":[1,1],"13":[1,0],"14":[1,1],"15":[1,1,1],"16":[0,0],"17":[1,1],"18":[0,1],"19":[0,2],"20":[2,0,0],"21":[0,0],"22":[0,0],"23":[0,0],"24":[0,0],"25":[0,2],"26":[1,1,0,0,0,1],"27":[1,0],"28":[1,1,1],"29":[1,0],"30":[0,0],"31":[0,0,0,0],"32":[0,0],"33":[0,0],"34":[0,0],"35":[0,0],"36":[0,0],"37":[0,1],"38":[1,0]},"_coverageSchema":"43e27e138ebf9cfc5966b082cf9a028302ed4184","hash":"a852011db9909422627dd80ea85863f097607198","contentHash":"140f8e4e9748bceb7428f0603c4a01776b23a15a4529e26ccd0c6856da368992"},"C:\\Users\\dedreira\\source\\GitHub\\typescript-webapi-inversify\\tests\\domain\\services\\echo\\echo-service.spec.ts":{"path":"C:\\Users\\dedreira\\source\\GitHub\\typescript-webapi-inversify\\tests\\domain\\services\\echo\\echo-service.spec.ts","statementMap":{"0":{"start":{"line":2,"column":16},"end":{"line":10,"column":1}},"1":{"start":{"line":3,"column":28},"end":{"line":3,"column":110}},"2":{"start":{"line":3,"column":91},"end":{"line":3,"column":106}},"3":{"start":{"line":4,"column":4},"end":{"line":9,"column":7}},"4":{"start":{"line":5,"column":36},"end":{"line":5,"column":97}},"5":{"start":{"line":5,"column":42},"end":{"line":5,"column":70}},"6":{"start":{"line":5,"column":85},"end":{"line":5,"column":95}},"7":{"start":{"line":6,"column":35},"end":{"line":6,"column":100}},"8":{"start":{"line":6,"column":41},"end":{"line":6,"column":73}},"9":{"start":{"line":6,"column":88},"end":{"line":6,"column":98}},"10":{"start":{"line":7,"column":32},"end":{"line":7,"column":116}},"11":{"start":{"line":8,"column":8},"end":{"line":8,"column":78}},"12":{"start":{"line":11,"column":18},"end":{"line":37,"column":1}},"13":{"start":{"line":12,"column":12},"end":{"line":12,"column":104}},"14":{"start":{"line":12,"column":43},"end":{"line":12,"column":68}},"15":{"start":{"line":12,"column":57},"end":{"line":12,"column":68}},"16":{"start":{"line":12,"column":69},"end":{"line":12,"column":81}},"17":{"start":{"line":13,"column":4},"end":{"line":13,"column":157}},"18":{"start":{"line":13,"column":138},"end":{"line":13,"column":150}},"19":{"start":{"line":14,"column":23},"end":{"line":14,"column":68}},"20":{"start":{"line":14,"column":45},"end":{"line":14,"column":65}},"21":{"start":{"line":16,"column":8},"end":{"line":16,"column":70}},"22":{"start":{"line":16,"column":15},"end":{"line":16,"column":70}},"23":{"start":{"line":17,"column":8},"end":{"line":34,"column":66}},"24":{"start":{"line":17,"column":18},"end":{"line":34,"column":66}},"25":{"start":{"line":18,"column":12},"end":{"line":18,"column":169}},"26":{"start":{"line":18,"column":160},"end":{"line":18,"column":169}},"27":{"start":{"line":19,"column":12},"end":{"line":19,"column":52}},"28":{"start":{"line":19,"column":26},"end":{"line":19,"column":52}},"29":{"start":{"line":20,"column":12},"end":{"line":32,"column":13}},"30":{"start":{"line":21,"column":32},"end":{"line":21,"column":39}},"31":{"start":{"line":21,"column":40},"end":{"line":21,"column":46}},"32":{"start":{"line":22,"column":24},"end":{"line":22,"column":34}},"33":{"start":{"line":22,"column":35},"end":{"line":22,"column":72}},"34":{"start":{"line":23,"column":24},"end":{"line":23,"column":34}},"35":{"start":{"line":23,"column":35},"end":{"line":23,"column":45}},"36":{"start":{"line":23,"column":46},"end":{"line":23,"column":55}},"37":{"start":{"line":23,"column":56},"end":{"line":23,"column":65}},"38":{"start":{"line":24,"column":24},"end":{"line":24,"column":41}},"39":{"start":{"line":24,"column":42},"end":{"line":24,"column":55}},"40":{"start":{"line":24,"column":56},"end":{"line":24,"column":65}},"41":{"start":{"line":26,"column":20},"end":{"line":26,"column":128}},"42":{"start":{"line":26,"column":110},"end":{"line":26,"column":116}},"43":{"start":{"line":26,"column":117},"end":{"line":26,"column":126}},"44":{"start":{"line":27,"column":20},"end":{"line":27,"column":106}},"45":{"start":{"line":27,"column":81},"end":{"line":27,"column":97}},"46":{"start":{"line":27,"column":98},"end":{"line":27,"column":104}},"47":{"start":{"line":28,"column":20},"end":{"line":28,"column":89}},"48":{"start":{"line":28,"column":57},"end":{"line":28,"column":72}},"49":{"start":{"line":28,"column":73},"end":{"line":28,"column":80}},"50":{"start":{"line":28,"column":81},"end":{"line":28,"column":87}},"51":{"start":{"line":29,"column":20},"end":{"line":29,"column":87}},"52":{"start":{"line":29,"column":47},"end":{"line":29,"column":62}},"53":{"start":{"line":29,"column":63},"end":{"line":29,"column":78}},"54":{"start":{"line":29,"column":79},"end":{"line":29,"column":85}},"55":{"start":{"line":30,"column":20},"end":{"line":30,"column":42}},"56":{"start":{"line":30,"column":30},"end":{"line":30,"column":42}},"57":{"start":{"line":31,"column":20},"end":{"line":31,"column":33}},"58":{"start":{"line":31,"column":34},"end":{"line":31,"column":43}},"59":{"start":{"line":33,"column":12},"end":{"line":33,"column":39}},"60":{"start":{"line":34,"column":22},"end":{"line":34,"column":34}},"61":{"start":{"line":34,"column":35},"end":{"line":34,"column":41}},"62":{"start":{"line":34,"column":54},"end":{"line":34,"column":64}},"63":{"start":{"line":35,"column":8},"end":{"line":35,"column":35}},"64":{"start":{"line":35,"column":23},"end":{"line":35,"column":35}},"65":{"start":{"line":35,"column":36},"end":{"line":35,"column":89}},"66":{"start":{"line":38,"column":0},"end":{"line":38,"column":62}},"67":{"start":{"line":39,"column":13},"end":{"line":39,"column":60}},"68":{"start":{"line":40,"column":29},"end":{"line":40,"column":90}},"69":{"start":{"line":41,"column":0},"end":{"line":41,"column":28}},"70":{"start":{"line":42,"column":0},"end":{"line":57,"column":3}},"71":{"start":{"line":43,"column":4},"end":{"line":56,"column":11}},"72":{"start":{"line":43,"column":74},"end":{"line":56,"column":7}},"73":{"start":{"line":45,"column":8},"end":{"line":55,"column":11}},"74":{"start":{"line":46,"column":12},"end":{"line":54,"column":13}},"75":{"start":{"line":48,"column":20},"end":{"line":48,"column":102}},"76":{"start"
[...]
"line":21,"column":62},"end":{"line":23,"column":1}},"line":21},"8":{"name":"(anonymous_8)","decl":{"start":{"line":24,"column":40},"end":{"line":24,"column":41}},"loc":{"start":{"line":24,"column":73},"end":{"line":26,"column":1}},"line":24},"9":{"name":"(anonymous_9)","decl":{"start":{"line":25,"column":11},"end":{"line":25,"column":12}},"loc":{"start":{"line":25,"column":34},"end":{"line":25,"column":73}},"line":25},"10":{"name":"(anonymous_10)","decl":{"start":{"line":27,"column":44},"end":{"line":27,"column":45}},"loc":{"start":{"line":27,"column":89},"end":{"line":35,"column":1}},"line":27},"11":{"name":"adopt","decl":{"start":{"line":28,"column":13},"end":{"line":28,"column":18}},"loc":{"start":{"line":28,"column":26},"end":{"line":28,"column":112}},"line":28},"12":{"name":"(anonymous_12)","decl":{"start":{"line":28,"column":70},"end":{"line":28,"column":71}},"loc":{"start":{"line":28,"column":89},"end":{"line":28,"column":108}},"line":28},"13":{"name":"(anonymous_13)","decl":{"start":{"line":29,"column":36},"end":{"line":29,"column":37}},"loc":{"start":{"line":29,"column":63},"end":{"line":34,"column":5}},"line":29},"14":{"name":"fulfilled","decl":{"start":{"line":30,"column":17},"end":{"line":30,"column":26}},"loc":{"start":{"line":30,"column":34},"end":{"line":30,"column":99}},"line":30},"15":{"name":"rejected","decl":{"start":{"line":31,"column":17},"end":{"line":31,"column":25}},"loc":{"start":{"line":31,"column":33},"end":{"line":31,"column":102}},"line":31},"16":{"name":"step","decl":{"start":{"line":32,"column":17},"end":{"line":32,"column":21}},"loc":{"start":{"line":32,"column":30},"end":{"line":32,"column":118}},"line":32},"17":{"name":"(anonymous_17)","decl":{"start":{"line":36,"column":48},"end":{"line":36,"column":49}},"loc":{"start":{"line":36,"column":73},"end":{"line":62,"column":1}},"line":36},"18":{"name":"(anonymous_18)","decl":{"start":{"line":37,"column":30},"end":{"line":37,"column":31}},"loc":{"start":{"line":37,"column":41},"end":{"line":37,"column":83}},"line":37},"19":{"name":"(anonymous_19)","decl":{"start":{"line":38,"column":125},"end":{"line":38,"column":126}},"loc":{"start":{"line":38,"column":136},"end":{"line":38,"column":152}},"line":38},"20":{"name":"verb","decl":{"start":{"line":39,"column":13},"end":{"line":39,"column":17}},"loc":{"start":{"line":39,"column":21},"end":{"line":39,"column":70}},"line":39},"21":{"name":"(anonymous_21)","decl":{"start":{"line":39,"column":30},"end":{"line":39,"column":31}},"loc":{"start":{"line":39,"column":43},"end":{"line":39,"column":67}},"line":39},"22":{"name":"step","decl":{"start":{"line":40,"column":13},"end":{"line":40,"column":17}},"loc":{"start":{"line":40,"column":22},"end":{"line":61,"column":5}},"line":40},"23":{"name":"(anonymous_23)","decl":{"start":{"line":63,"column":50},"end":{"line":63,"column":51}},"loc":{"start":{"line":63,"column":65},"end":{"line":69,"column":1}},"line":63},"24":{"name":"(anonymous_24)","decl":{"start":{"line":75,"column":38},"end":{"line":75,"column":39}},"loc":{"start":{"line":75,"column":56},"end":{"line":112,"column":1}},"line":75},"25":{"name":"HealthController","decl":{"start":{"line":77,"column":13},"end":{"line":77,"column":29}},"loc":{"start":{"line":77,"column":32},"end":{"line":79,"column":5}},"line":77},"26":{"name":"(anonymous_26)","decl":{"start":{"line":80,"column":37},"end":{"line":80,"column":38}},"loc":{"start":{"line":80,"column":57},"end":{"line":87,"column":5}},"line":80},"27":{"name":"(anonymous_27)","decl":{"start":{"line":81,"column":47},"end":{"line":81,"column":48}},"loc":{"start":{"line":81,"column":59},"end":{"line":86,"column":9}},"line":81},"28":{"name":"(anonymous_28)","decl":{"start":{"line":82,"column":37},"end":{"line":82,"column":38}},"loc":{"start":{"line":82,"column":51},"end":{"line":85,"column":13}},"line":82}},"branchMap":{"0":{"loc":{"start":{"line":2,"column":16},"end":{"line":14,"column":4}},"type":"binary-expr","locations":[{"start":{"line":2,"column":17},"end":{"line":2,"column":21}},{"start":{"line":2,"column":25},"end":{"line":2,"column":39}},{"start":{"line":2,"column":44},"end":{"line":14,"column":4}}],"line":2},"1":{"loc":{"start":{"line":4,"column":24},"end":{"line":6,"column":86}},"type":"binary-expr","locations":[{"start":{"line":4,"column":24},"end":{"line":4,"column":45}},{"start":{"line":5,"column":13},"end":{"line":5,"column":47}},{"start":{"line":5,"column":51},"end":{"line":5,"column":87}},{"start":{"line":6,"column":12},"end":{"line":6,"column":86}}],"line":4},"2":{"loc":{"start":{"line":6,"column":47},"end":{"line":6,"column":84}},"type":"if","locations":[{"start":{"line":6,"column":47},"end":{"line":6,"column":84}},{"start":{"line":6,"column":47},"end":{"line":6,"column":84}}],"line":6},"3":{"loc":{"start":{"line":12,"column":22},"end":{"line":12,"column":92}},"type":"cond-expr","locations":[{"start":{"line":12,"column":35},"end":{"line":12,"column":51}},{"start":{"line":12,"column":55},"end":{"line":12,"column":91}}],"line":12},"4":{"loc":{"start":{"line":15,"column":17},"end":{"line":20,"column":1}},"type":"binary-expr","locations":[{"start":{"line":15,"column":18},"end":{"line":15,"column":22}},{"start":{"line":15,"column":26},"end":{"line":15,"column":41}},{"start":{"line":15,"column":46},"end":{"line":20,"column":1}}],"line":15},"5":{"loc":{"start":{"line":16,"column":34},"end":{"line":16,"column":125}},"type":"cond-expr","locations":[{"start":{"line":16,"column":42},"end":{"line":16,"column":48}},{"start":{"line":16,"column":51},"end":{"line":16,"column":125}}],"line":16},"6":{"loc":{"start":{"line":16,"column":51},"end":{"line":16,"column":125}},"type":"cond-expr","locations":[{"start":{"line":16,"column":67},"end":{"line":16,"column":118}},{"start":{"line":16,"column":121},"end":{"line":16,"column":125}}],"line":16},"7":{"loc":{"start":{"line":17,"column":4},"end":{"line":18,"column":150}},"type":"if","locations":[{"start":{"line":17,"column":4},"end":{"line":18,"column":150}},{"start":{"line":17,"column":4},"end":{"line":18,"column":150}}],"line":17},"8":{"loc":{"start":{"line":17,"column":8},"end":{"line":17,"column":77}},"type":"binary-expr","locations":[{"start":{"line":17,"column":8},"end":{"line":17,"column":35}},{"start":{"line":17,"column":39},"end":{"line":17,"column":77}}],"line":17},"9":{"loc":{"start":{"line":18,"column":58},"end":{"line":18,"column":150}},"type":"if","locations":[{"start":{"line":18,"column":58},"end":{"line":18,"column":150}},{"start":{"line":18,"column":58},"end":{"line":18,"column":150}}],"line":18},"10":{"loc":{"start":{"line":18,"column":85},"end":{"line":18,"column":149}},"type":"binary-expr","locations":[{"start":{"line":18,"column":86},"end":{"line":18,"column":143}},{"start":{"line":18,"column":148},"end":{"line":18,"column":149}}],"line":18},"11":{"loc":{"start":{"line":18,"column":86},"end":{"line":18,"column":143}},"type":"cond-expr","locations":[{"start":{"line":18,"column":94},"end":{"line":18,"column":98}},{"start":{"line":18,"column":101},"end":{"line":18,"column":143}}],"line":18},"12":{"loc":{"start":{"line":18,"column":101},"end":{"line":18,"column":143}},"type":"cond-expr","locations":[{"start":{"line":18,"column":109},"end":{"line":18,"column":126}},{"start":{"line":18,"column":129},"end":{"line":18,"column":143}}],"line":18},"13":{"loc":{"start":{"line":19,"column":11},"end":{"line":19,"column":62}},"type":"binary-expr","locations":[{"start":{"line":19,"column":11},"end":{"line":19,"column":16}},{"start":{"line":19,"column":20},"end":{"line":19,"column":21}},{"start":{"line":19,"column":25},"end":{"line":19,"column":62}}],"line":19},"14":{"loc":{"start":{"line":21,"column":17},"end":{"line":23,"column":1}},"type":"binary-expr","locations":[{"start":{"line":21,"column":18},"end":{"line":21,"column":22}},{"start":{"line":21,"column":26},"end":{"line":21,"column":41}},{"start":{"line":21,"column":46},"end":{"line":23,"column":1}}],"line":21},"15":{"loc":{"start":{"line":22,"column":4},"end":{"line":22,"column":109}},"type":"if","locations":[{"start":{"line":22,"column":4},"end":{"line":22,"column":109}},{"start":{"line":22,"column":4},"end":{"line":22,"column":109}}],"line":22},"16":{"loc":{"start":{"line":22,"column":8},"end":{"line":22,"column":77}},"type":"binary-expr","locations":[{"start":{"line":22,"column":8},"end":{"line":22,"column":35}},{"start":{"line":22,"column":39},"end":{"line":22,"column":77}}],"line":22},"17":{"loc":{"start":{"line":24,"column":14},"end":{"line":26,"column":1}},"type":"binary-expr","locations":[{"start":{"line":24,"column":15},"end":{"line":24,"column":19}},{"start":{"line":24,"column":23},"end":{"line":24,"column":35}},{"start":{"line":24,"column":40},"end":{"line":26,"column":1}}],"line":24},"18":{"loc":{"start":{"line":27,"column":16},"end":{"line":35,"column":1}},"type":"binary-expr","locations":[{"start":{"line":27,"column":17},"end":{"line":27,"column":21}},{"start":{"line":27,"column":25},"end":{"line":27,"column":39}},{"start":{"line":27,"column":44},"end":{"line":35,"column":1}}],"line":27},"19":{"loc":{"start":{"line":28,"column":35},"end":{"line":28,"column":109}},"type":"cond-expr","locations":[{"start":{"line":28,"column":56},"end":{"line":28,"column":61}},{"start":{"line":28,"column":64},"end":{"line":28,"column":109}}],"line":28},"20":{"loc":{"start":{"line":29,"column":16},"end":{"line":29,"column":34}},"type":"binary-expr","locations":[{"start":{"line":29,"column":16},"end":{"line":29,"column":17}},{"start":{"line":29,"column":22},"end":{"line":29,"column":33}}],"line":29},"21":{"loc":{"start":{"line":32,"column":32},"end":{"line":32,"column":115}},"type":"cond-expr","locations":[{"start":{"line":32,"column":46},"end":{"line":32,"column":67}},{"start":{"line":32,"column":70},"end":{"line":32,"column":115}}],"line":32},"22":{"loc":{"start":{"line":33,"column":51},"end":{"line":33,"column":67}},"type":"binary-expr","locations":[{"start":{"line":33,"column":51},"end":{"line":33,"column":61}},{"start":{"line":33,"column":65},"end":{"line":33,"column":67}}],"line":33},"23":{"loc":{"start":{"line":36,"column":18},"end":{"line":62,"column":1}},"type":"binary-expr","locations":[{"start":{"line":36,"column":19},"end":{"line":36,"column":23}},{"start":{"line":36,"column":27},"end":{"line":36,"column":43}},{"start":{"line":36,"column":48},"end":{"line":62,"column":1}}],"line":36},"24":{"loc":{"start":{"line":37,"column":43},"end":{"line":37,"column":68}},"type":"if","locations":[{"start":{"line":37,"column":43},"end":{"line":37,"column":68}},{"start":{"line":37,"column":43},"end":{"line":37,"column":68}}],"line":37},"25":{"loc":{"start":{"line":38,"column":71},"end":{"line":38,"column":153}},"type":"binary-expr","locations":[{"start":{"line":38,"column":71},"end":{"line":38,"column":99}},{"start":{"line":38,"column":104},"end":{"line":38,"column":152}}],"line":38},"26":{"loc":{"start":{"line":41,"column":8},"end":{"line":41,"column":70}},"type":"if","locations":[{"start":{"line":41,"column":8},"end":{"line":41,"column":70}},{"start":{"line":41,"column":8},"end":{"line":41,"column":70}}],"line":41},"27":{"loc":{"start":{"line":43,"column":12},"end":{"line":43,"column":169}},"type":"if","locations":[{"start":{"line":43,"column":12},"end":{"line":43,"column":169}},{"start":{"line":43,"column":12},"end":{"line":43,"column":169}}],"line":43},"28":{"loc":{"start":{"line":43,"column":23},"end":{"line":43,"column":158}},"type":"binary-expr","locations":[{"start":{"line":43,"column":23},"end":{"line":43,"column":24}},{"start":{"line":43,"column":29},"end":{"line":43,"column":125}},{"start":{"line":43,"column":130},"end":{"line":43,"column":158}}],"line":43},"29":{"loc":{"start":{"line":43,"column":33},"end":{"line":43,"column":125}},"type":"cond-expr","locations":[{"start":{"line":43,"column":45},"end":{"line":43,"column":56}},{"start":{"line":43,"column":59},"end":{"line":43,"column":125}}],"line":43},"30":{"loc":{"start":{"line":43,"column":59},"end":{"line":43,"column":125}},"type":"cond-expr","locations":[{"start":{"line":43,"column":67},"end":{"line":43,"column":116}},{"start":{"line":43,"column":119},"end":{"line":43,"column":125}}],"line":43},"31":{"loc":{"start":{"line":43,"column":67},"end":{"line":43,"column":116}},"type":"binary-expr","locations":[{"start":{"line":43,"column":67},"end":{"line":43,"column":77}},{"start":{"line":43,"column":82},"end":{"line":43,"column":115}}],"line":43},"32":{"loc":{"start":{"line":43,"column":82},"end":{"line":43,"column":112}},"type":"binary-expr","locations":[{"start":{"line":43,"column":83},"end":{"line":43,"column":98}},{"start":{"line":43,"column":103},"end":{"line":43,"column":112}}],"line":43},"33":{"loc":{"start":{"line":44,"column":12},"end":{"line":44,"column":52}},"type":"if","locations":[{"start":{"line":44,"column":12},"end":{"line":44,"column":52}},{"start":{"line":44,"column":12},"end":{"line":44,"column":52}}],"line":44},"34":{"loc":{"start":{"line":45,"column":12},"end":{"line":57,"column":13}},"type":"switch","locations":[{"start":{"line":46,"column":16},"end":{"line":46,"column":23}},{"start":{"line":46,"column":24},"end":{"line":46,"column":46}},{"start":{"line":47,"column":16},"end":{"line":47,"column":72}},{"start":{"line":48,"column":16},"end":{"line":48,"column":65}},{"start":{"line":49,"column":16},"end":{"line":49,"column":65}},{"start":{"line":50,"column":16},"end":{"line":56,"column":43}}],"line":45},"35":{"loc":{"start":{"line":51,"column":20},"end":{"line":51,"column":128}},"type":"if","locations":[{"start":{"line":51,"column":20},"end":{"line":51,"column":128}},{"start":{"line":51,"column":20},"end":{"line":51,"column":128}}],"line":51},"36":{"loc":{"start":{"line":51,"column":24},"end":{"line":51,"column":106}},"type":"binary-expr","locations":[{"start":{"line":51,"column":24},"end":{"line":51,"column":74}},{"start":{"line":51,"column":79},"end":{"line":51,"column":90}},{"start":{"line":51,"column":94},"end":{"line":51,"column":105}}],"line":51},"37":{"loc":{"start":{"line":51,"column":42},"end":{"line":51,"column":73}},"type":"binary-expr","locations":[{"start":{"line":51,"column":42},"end":{"line":51,"column":54}},{"start":{"line":51,"column":58},"end":{"line":51,"column":73}}],"line":51},"38":{"loc":{"start":{"line":52,"column":20},"end":{"line":52,"column":106}},"type":"if","locations":[{"start":{"line":52,"column":20},"end":{"line":52,"column":106}},{"start":{"line":52,"column":20},"end":{"line":52,"column":106}}],"line":52},"39":{"loc":{"start":{"line":52,"column":24},"end":{"line":52,"column":77}},"type":"binary-expr","locations":[{"start":{"line":52,"column":24},"end":{"line":52,"column":35}},{"start":{"line":52,"column":40},"end":{"line":52,"column":42}},{"start":{"line":52,"column":47},"end":{"line":52,"column":59}},{"start":{"line":52,"column":63},"end":{"line":52,"column":75}}],"line":52},"40":{"loc":{"start":{"line":53,"column":20},"end":{"line":53,"column":89}},"type":"if","locations":[{"start":{"line":53,"column":20},"end":{"line":53,"column":89}},{"start":{"line":53,"column":20},"end":{"line":53,"column":89}}],"line":53},"41":{"loc":{"start":{"line":53,"column":24},"end":{"line":53,"column":53}},"type":"binary-expr","locations":[{"start":{"line":53,"column":24},"end":{"line":53,"column":35}},{"start":{"line":53,"column":39},"end":{"line":53,"column":53}}],"line":53},"42":{"loc":{"start":{"line":54,"column":20},"end":{"line":54,"column":87}},"type":"if","locations":[{"start":{"line":54,"column":20},"end":{"line":54,"column":87}},{"start":{"line":54,"column":20},"end":{"line":54,"column":87}}],"line":54},"43":{"loc":{"start":{"line":54,"column":24},"end":{"line":54,"column":43}},"type":"binary-expr","locations":[{"start":{"line":54,"column":24},"end":{"line":54,"column":25}},{"start":{"line":54,"column":29},"end":{"line":54,"column":43}}],"line":54},"44":{"loc":{"start":{"line":55,"column":20},"end":{"line":55,"column":42}},"type":"if","locations":[{"start":{"line":55,"column":20},"end":{"line":55,"column":42}},{"start":{"line":55,"column":20},"end":{"line":55,"column":42}}],"line":55},"45":{"loc":{"start":{"line":60,"column":8},"end":{"line":60,"column":35}},"type":"if","locations":[{"start":{"line":60,"column":8},"end":{"line":60,"column":35}},{"start":{"line":60,"column":8},"end":{"line":60,"column":35}}],"line":60},"46":{"loc":{"start":{"line":60,"column":52},"end":{"line":60,"column":74}},"type":"cond-expr","locations":[{"start":{"line":60,"column":60},"end":{"line":60,"column":65}},{"start":{"line":60,"column":68},"end":{"line":60,"column":74}}],"line":60},"47":{"loc":{"start":{"line":63,"column":19},"end":{"line":69,"column":1}},"type":"binary-expr","locations":[{"start":{"line":63,"column":20},"end":{"line":63,"column":24}},{"start":{"line":63,"column":28},"end":{"line":63,"column":45}},{"start":{"line":63,"column":50},"end":{"line":69,"column":1}}],"line":63},"48":{"loc":{"start":{"line":64,"column":4},"end":{"line":64,"column":42}},"type":"if","locations":[{"start":{"line":64,"column":4},"end":{"line":64,"column":42}},{"start":{"line":64,"column":4},"end":{"line":64,"column":42}}],"line":64},"49":{"loc":{"start":{"line":64,"column":8},"end":{"line":64,"column":29}},"type":"binary-expr","locations":[{"start":{"line":64,"column":8},"end":{"line":64,"column":11}},{"start":{"line":64,"column":15},"end":{"line":64,"column":29}}],"line":64},"50":{"loc":{"start":{"line":66,"column":4},"end":{"line":66,"column":99}},"type":"if","locations":[{"start":{"line":66,"column":4},"end":{"line":66,"column":99}},{"start":{"line":66,"column":4},"end":{"line":66,"column":99}}],"line":66},"51":{"loc":{"start":{"line":66,"column":40},"end":{"line":66,"column":99}},"type":"if","locations":[{"start":{"line":66,"column":40},"end":{"line":66,"column":99}},{"start":{"line":66,"column":40},"end":{"line":66,"column":99}}],"line":66},"52":{"loc":{"start":{"line":78,"column":15},"end":{"line":78,"column":71}},"type":"binary-expr","locations":[{"start":{"line":78,"column":15},"end":{"line":78,"column":30}},{"start":{"line":78,"column":34},"end":{"line":78,"column":63}},{"start":{"line":78,"column":67},"end":{"line":78,"column":71}}],"line":78}},"s":{"0":1,"1":1,"2":1,"3":0,"4":0,"5":0,"6":0,"7":1,"8":1,"9":1,"10":1,"11":1,"12":1,"13":2,"14":2,"15":2,"16":2,"17":0,"18":0,"19":0,"20":0,"21":2,"22":1,"23":3,"24":3,"25":1,"26":2,"27":2,"28":1,"29":0,"30":0,"31":1,"32":0,"33":0,"34":0,"35":0,"36":0,"37":0,"38":1,"39":1,"40":1,"41":1,"42":0,"43":0,"44":0,"45":1,"46":0,"47":3,"48":1,"49":1,"50":0,"51":1,"52":2,"53":2,"54":0,"55":2,"56":0,"57":2,"58":1,"59":1,"60":0,"61":0,"62":0,"63":0,"64":0,"65":0,"66":0,"67":0,"68":0,"69":1,"70":1,"71":1,"72":0,"73":0,"74":0,"75":0,"76":0,"77":0,"78":0,"79":0,"80":0,"81":0,"82":0,"83":0,"84":0,"85":0,"86":0,"87":1,"88":0,"89":0,"90":2,"91":1,"92":0,"93":1,"94":1,"95":1,"96":0,"97":1,"98":1,"99":1,"100":11,"101":11,"102":1,"103":1,"104":1,"105":1,"106":1,"107":1,"108":1,"109":1,"110":1,"111":2,"112":1,"113":1,"114":1,"115":1,"116":1,"117":1,"118":1,"119":1,"120":1},"f":{"0":1,"1":1,"2":0,"3":0,"4":1,"5":1,"6":2,"7":3,"8":2,"9":2,"10":1,"11":0,"12":0,"13":1,"14":0,"15":0,"16":1,"17":1,"18":0,"19":0,"20":3,"21":1,"22":1,"23":1,"24":1,"25":2,"26":1,"27":1,"28":1},"b":{"0":[1,1,1],"1":[1,0,0,0],"2":[0,0],"3":[0,1],"4":[1,1,1],"5":[1,1],"6":[1,0],"7":[2,0],"8":[2,2],"9":[0,0],"10":[0,0],"11":[0,0],"12":[0,0],"13":[2,1,1],"14":[1,1,1],"15":[3,0],"16":[3,3],"17":[1,1,1],"18":[1,1,1],"19":[0,0],"20":[1,1],"21":[1,0],"22":[1,1],"23":[1,1,1],"24":[0,0],"25":[1,1],"26":[0,1],"27":[0,2],"28":[2,0,0],"29":[0,0],"30":[0,0],"31":[0,0],"32":[0,0],"33":[0,2],"34":[1,1,0,0,0,1],"35":[1,0],"36":[1,1,1],"37":[1,0],"38":[0,0],"39":[0,0,0,0],"40":[0,0],"41":[0,0],"42":[0,0],"43":[0,0],"44":[0,0],"45":[0,1],"46":[1,0],"47":[1,1,1],"48":[0,1],"49":[1,1],"50":[1,0],"51":[11,0],"52":[2,2,2]},"_coverageSchema":"43e27e138ebf9cfc5966b082cf9a028302ed4184","hash":"f7597f3bb24f601911759c974951fbad3c80d64a","contentHash":"e54ef89c89741a761cd55d771399b31c0a92a11f939ebd8eeb62c9d9f3a85c45"}}