{"C:\\Users\\dedreira\\source\\GitHub\\typescript-webapi-inversify\\spec\\spec.js":{"path":"C:\\Users\\dedreira\\source\\GitHub\\typescript-webapi-inversify\\spec\\spec.js","s":{"1":1,"2":1,"3":1,"4":1,"5":1,"6":1,"7":1,"8":1},"b":{},"f":{},"fnMap":{},"statementMap":{"1":{"start":{"line":1,"column":0},"end":{"line":1,"column":35}},"2":{"start":{"line":2,"column":0},"end":{"line":2,"column":67}},"3":{"start":{"line":3,"column":0},"end":{"line":3,"column":30}},"4":{"start":{"line":4,"column":0},"end":{"line":10,"column":3}},"5":{"start":{"line":11,"column":0},"end":{"line":11,"column":30}},"6":{"start":{"line":12,"column":0},"end":{"line":12,"column":25}},"7":{"start":{"line":13,"column":0},"end":{"line":13,"column":39}},"8":{"start":{"line":14,"column":0},"end":{"line":14,"column":18}}},"branchMap":{}}}